ERROR - 2023-05-23 00:47:42 --> mysqli_sql_exception: Table 'products' already exists in /home/shin/web-app/CI-Market/vendor/codeigniter4/framework/system/Database/MySQLi/Connection.php:295
Stack trace:
#0 /home/shin/web-app/CI-Market/vendor/codeigniter4/framework/system/Database/MySQLi/Connection.php(295): mysqli->query()
#1 /home/shin/web-app/CI-Market/vendor/codeigniter4/framework/system/Database/BaseConnection.php(692): CodeIgniter\Database\MySQLi\Connection->execute()
#2 /home/shin/web-app/CI-Market/vendor/codeigniter4/framework/system/Database/BaseConnection.php(606): CodeIgniter\Database\BaseConnection->simpleQuery()
#3 /home/shin/web-app/CI-Market/vendor/codeigniter4/framework/system/Database/Forge.php(546): CodeIgniter\Database\BaseConnection->query()
#4 /home/shin/web-app/CI-Market/app/Database/Migrations/2023-05-18-043840_CreateProductsTable.php(32): CodeIgniter\Database\Forge->createTable()
#5 /home/shin/web-app/CI-Market/vendor/codeigniter4/framework/system/Database/MigrationRunner.php(877): App\Database\Migrations\CreateProductsTable->up()
#6 /home/shin/web-app/CI-Market/vendor/codeigniter4/framework/system/Database/MigrationRunner.php(188): CodeIgniter\Database\MigrationRunner->migrate()
#7 /home/shin/web-app/CI-Market/vendor/codeigniter4/framework/system/Commands/Database/Migrate.php(84): CodeIgniter\Database\MigrationRunner->latest()
#8 /home/shin/web-app/CI-Market/vendor/codeigniter4/shield/src/Commands/Setup.php(308): CodeIgniter\Commands\Database\Migrate->run()
#9 /home/shin/web-app/CI-Market/vendor/codeigniter4/shield/src/Commands/Setup.php(92): CodeIgniter\Shield\Commands\Setup->runMigrations()
#10 /home/shin/web-app/CI-Market/vendor/codeigniter4/shield/src/Commands/Setup.php(79): CodeIgniter\Shield\Commands\Setup->publishConfig()
#11 /home/shin/web-app/CI-Market/vendor/codeigniter4/framework/system/CLI/Commands.php(65): CodeIgniter\Shield\Commands\Setup->run()
#12 /home/shin/web-app/CI-Market/vendor/codeigniter4/framework/system/CLI/Console.php(37): CodeIgniter\CLI\Commands->run()
#13 /home/shin/web-app/CI-Market/spark(97): CodeIgniter\CLI\Console->run()
#14 {main}
ERROR - 2023-05-23 00:48:07 --> mysqli_sql_exception: Table 'products' already exists in /home/shin/web-app/CI-Market/vendor/codeigniter4/framework/system/Database/MySQLi/Connection.php:295
Stack trace:
#0 /home/shin/web-app/CI-Market/vendor/codeigniter4/framework/system/Database/MySQLi/Connection.php(295): mysqli->query()
#1 /home/shin/web-app/CI-Market/vendor/codeigniter4/framework/system/Database/BaseConnection.php(692): CodeIgniter\Database\MySQLi\Connection->execute()
#2 /home/shin/web-app/CI-Market/vendor/codeigniter4/framework/system/Database/BaseConnection.php(606): CodeIgniter\Database\BaseConnection->simpleQuery()
#3 /home/shin/web-app/CI-Market/vendor/codeigniter4/framework/system/Database/Forge.php(546): CodeIgniter\Database\BaseConnection->query()
#4 /home/shin/web-app/CI-Market/app/Database/Migrations/2023-05-18-043840_CreateProductsTable.php(32): CodeIgniter\Database\Forge->createTable()
#5 /home/shin/web-app/CI-Market/vendor/codeigniter4/framework/system/Database/MigrationRunner.php(877): App\Database\Migrations\CreateProductsTable->up()
#6 /home/shin/web-app/CI-Market/vendor/codeigniter4/framework/system/Database/MigrationRunner.php(188): CodeIgniter\Database\MigrationRunner->migrate()
#7 /home/shin/web-app/CI-Market/vendor/codeigniter4/framework/system/Commands/Database/Migrate.php(84): CodeIgniter\Database\MigrationRunner->latest()
#8 /home/shin/web-app/CI-Market/vendor/codeigniter4/shield/src/Commands/Setup.php(308): CodeIgniter\Commands\Database\Migrate->run()
#9 /home/shin/web-app/CI-Market/vendor/codeigniter4/shield/src/Commands/Setup.php(92): CodeIgniter\Shield\Commands\Setup->runMigrations()
#10 /home/shin/web-app/CI-Market/vendor/codeigniter4/shield/src/Commands/Setup.php(79): CodeIgniter\Shield\Commands\Setup->publishConfig()
#11 /home/shin/web-app/CI-Market/vendor/codeigniter4/framework/system/CLI/Commands.php(65): CodeIgniter\Shield\Commands\Setup->run()
#12 /home/shin/web-app/CI-Market/vendor/codeigniter4/framework/system/CLI/Console.php(37): CodeIgniter\CLI\Commands->run()
#13 /home/shin/web-app/CI-Market/spark(97): CodeIgniter\CLI\Console->run()
#14 {main}
ERROR - 2023-05-23 00:49:44 --> mysqli_sql_exception: Table 'users' already exists in /home/shin/web-app/CI-Market/vendor/codeigniter4/framework/system/Database/MySQLi/Connection.php:295
Stack trace:
#0 /home/shin/web-app/CI-Market/vendor/codeigniter4/framework/system/Database/MySQLi/Connection.php(295): mysqli->query()
#1 /home/shin/web-app/CI-Market/vendor/codeigniter4/framework/system/Database/BaseConnection.php(692): CodeIgniter\Database\MySQLi\Connection->execute()
#2 /home/shin/web-app/CI-Market/vendor/codeigniter4/framework/system/Database/BaseConnection.php(606): CodeIgniter\Database\BaseConnection->simpleQuery()
#3 /home/shin/web-app/CI-Market/vendor/codeigniter4/framework/system/Database/Forge.php(546): CodeIgniter\Database\BaseConnection->query()
#4 /home/shin/web-app/CI-Market/app/Database/Migrations/2023-05-18-074701_CreateUsersTable.php(26): CodeIgniter\Database\Forge->createTable()
#5 /home/shin/web-app/CI-Market/vendor/codeigniter4/framework/system/Database/MigrationRunner.php(877): App\Database\Migrations\CreateUsersTable->up()
#6 /home/shin/web-app/CI-Market/vendor/codeigniter4/framework/system/Database/MigrationRunner.php(188): CodeIgniter\Database\MigrationRunner->migrate()
#7 /home/shin/web-app/CI-Market/vendor/codeigniter4/framework/system/Commands/Database/Migrate.php(84): CodeIgniter\Database\MigrationRunner->latest()
#8 /home/shin/web-app/CI-Market/vendor/codeigniter4/shield/src/Commands/Setup.php(308): CodeIgniter\Commands\Database\Migrate->run()
#9 /home/shin/web-app/CI-Market/vendor/codeigniter4/shield/src/Commands/Setup.php(92): CodeIgniter\Shield\Commands\Setup->runMigrations()
#10 /home/shin/web-app/CI-Market/vendor/codeigniter4/shield/src/Commands/Setup.php(79): CodeIgniter\Shield\Commands\Setup->publishConfig()
#11 /home/shin/web-app/CI-Market/vendor/codeigniter4/framework/system/CLI/Commands.php(65): CodeIgniter\Shield\Commands\Setup->run()
#12 /home/shin/web-app/CI-Market/vendor/codeigniter4/framework/system/CLI/Console.php(37): CodeIgniter\CLI\Commands->run()
#13 /home/shin/web-app/CI-Market/spark(97): CodeIgniter\CLI\Console->run()
#14 {main}
ERROR - 2023-05-23 00:50:10 --> mysqli_sql_exception: Table 'users' already exists in /home/shin/web-app/CI-Market/vendor/codeigniter4/framework/system/Database/MySQLi/Connection.php:295
Stack trace:
#0 /home/shin/web-app/CI-Market/vendor/codeigniter4/framework/system/Database/MySQLi/Connection.php(295): mysqli->query()
#1 /home/shin/web-app/CI-Market/vendor/codeigniter4/framework/system/Database/BaseConnection.php(692): CodeIgniter\Database\MySQLi\Connection->execute()
#2 /home/shin/web-app/CI-Market/vendor/codeigniter4/framework/system/Database/BaseConnection.php(606): CodeIgniter\Database\BaseConnection->simpleQuery()
#3 /home/shin/web-app/CI-Market/vendor/codeigniter4/framework/system/Database/Forge.php(546): CodeIgniter\Database\BaseConnection->query()
#4 /home/shin/web-app/CI-Market/app/Database/Migrations/2023-05-18-074701_CreateUsersTable.php(26): CodeIgniter\Database\Forge->createTable()
#5 /home/shin/web-app/CI-Market/vendor/codeigniter4/framework/system/Database/MigrationRunner.php(877): App\Database\Migrations\CreateUsersTable->up()
#6 /home/shin/web-app/CI-Market/vendor/codeigniter4/framework/system/Database/MigrationRunner.php(188): CodeIgniter\Database\MigrationRunner->migrate()
#7 /home/shin/web-app/CI-Market/vendor/codeigniter4/framework/system/Commands/Database/Migrate.php(84): CodeIgniter\Database\MigrationRunner->latest()
#8 /home/shin/web-app/CI-Market/vendor/codeigniter4/framework/system/CLI/Commands.php(65): CodeIgniter\Commands\Database\Migrate->run()
#9 /home/shin/web-app/CI-Market/vendor/codeigniter4/framework/system/CLI/Console.php(37): CodeIgniter\CLI\Commands->run()
#10 /home/shin/web-app/CI-Market/spark(97): CodeIgniter\CLI\Console->run()
#11 {main}
ERROR - 2023-05-23 00:51:22 --> mysqli_sql_exception: Table 'users' already exists in /home/shin/web-app/CI-Market/vendor/codeigniter4/framework/system/Database/MySQLi/Connection.php:295
Stack trace:
#0 /home/shin/web-app/CI-Market/vendor/codeigniter4/framework/system/Database/MySQLi/Connection.php(295): mysqli->query()
#1 /home/shin/web-app/CI-Market/vendor/codeigniter4/framework/system/Database/BaseConnection.php(692): CodeIgniter\Database\MySQLi\Connection->execute()
#2 /home/shin/web-app/CI-Market/vendor/codeigniter4/framework/system/Database/BaseConnection.php(606): CodeIgniter\Database\BaseConnection->simpleQuery()
#3 /home/shin/web-app/CI-Market/vendor/codeigniter4/framework/system/Database/Forge.php(546): CodeIgniter\Database\BaseConnection->query()
#4 /home/shin/web-app/CI-Market/app/Database/Migrations/2023-05-18-074701_CreateUsersTable.php(26): CodeIgniter\Database\Forge->createTable()
#5 /home/shin/web-app/CI-Market/vendor/codeigniter4/framework/system/Database/MigrationRunner.php(877): App\Database\Migrations\CreateUsersTable->up()
#6 /home/shin/web-app/CI-Market/vendor/codeigniter4/framework/system/Database/MigrationRunner.php(188): CodeIgniter\Database\MigrationRunner->migrate()
#7 /home/shin/web-app/CI-Market/vendor/codeigniter4/framework/system/Commands/Database/Migrate.php(84): CodeIgniter\Database\MigrationRunner->latest()
#8 /home/shin/web-app/CI-Market/vendor/codeigniter4/shield/src/Commands/Setup.php(308): CodeIgniter\Commands\Database\Migrate->run()
#9 /home/shin/web-app/CI-Market/vendor/codeigniter4/shield/src/Commands/Setup.php(92): CodeIgniter\Shield\Commands\Setup->runMigrations()
#10 /home/shin/web-app/CI-Market/vendor/codeigniter4/shield/src/Commands/Setup.php(79): CodeIgniter\Shield\Commands\Setup->publishConfig()
#11 /home/shin/web-app/CI-Market/vendor/codeigniter4/framework/system/CLI/Commands.php(65): CodeIgniter\Shield\Commands\Setup->run()
#12 /home/shin/web-app/CI-Market/vendor/codeigniter4/framework/system/CLI/Console.php(37): CodeIgniter\CLI\Commands->run()
#13 /home/shin/web-app/CI-Market/spark(97): CodeIgniter\CLI\Console->run()
#14 {main}
ERROR - 2023-05-23 01:07:31 --> Error connecting to the database: mysqli_sql_exception: Unknown database 'Market' in /home/shin/web-app/CI-Market/vendor/codeigniter4/framework/system/Database/MySQLi/Connection.php:173
Stack trace:
#0 /home/shin/web-app/CI-Market/vendor/codeigniter4/framework/system/Database/MySQLi/Connection.php(173): mysqli->real_connect()
#1 /home/shin/web-app/CI-Market/vendor/codeigniter4/framework/system/Database/BaseConnection.php(391): CodeIgniter\Database\MySQLi\Connection->connect()
#2 /home/shin/web-app/CI-Market/vendor/codeigniter4/framework/system/Database/BaseConnection.php(574): CodeIgniter\Database\BaseConnection->initialize()
#3 /home/shin/web-app/CI-Market/vendor/codeigniter4/framework/system/Database/BaseConnection.php(1409): CodeIgniter\Database\BaseConnection->query()
#4 /home/shin/web-app/CI-Market/vendor/codeigniter4/framework/system/Database/BaseConnection.php(1428): CodeIgniter\Database\BaseConnection->listTables()
#5 /home/shin/web-app/CI-Market/vendor/codeigniter4/framework/system/Database/MigrationRunner.php(768): CodeIgniter\Database\BaseConnection->tableExists()
#6 /home/shin/web-app/CI-Market/vendor/codeigniter4/framework/system/Database/MigrationRunner.php(168): CodeIgniter\Database\MigrationRunner->ensureTable()
#7 /home/shin/web-app/CI-Market/vendor/codeigniter4/framework/system/Commands/Database/Migrate.php(84): CodeIgniter\Database\MigrationRunner->latest()
#8 /home/shin/web-app/CI-Market/vendor/codeigniter4/shield/src/Commands/Setup.php(308): CodeIgniter\Commands\Database\Migrate->run()
#9 /home/shin/web-app/CI-Market/vendor/codeigniter4/shield/src/Commands/Setup.php(92): CodeIgniter\Shield\Commands\Setup->runMigrations()
#10 /home/shin/web-app/CI-Market/vendor/codeigniter4/shield/src/Commands/Setup.php(79): CodeIgniter\Shield\Commands\Setup->publishConfig()
#11 /home/shin/web-app/CI-Market/vendor/codeigniter4/framework/system/CLI/Commands.php(65): CodeIgniter\Shield\Commands\Setup->run()
#12 /home/shin/web-app/CI-Market/vendor/codeigniter4/framework/system/CLI/Console.php(37): CodeIgniter\CLI\Commands->run()
#13 /home/shin/web-app/CI-Market/spark(97): CodeIgniter\CLI\Console->run()
#14 {main}

Next CodeIgniter\Database\Exceptions\DatabaseException: Unknown database 'Market' in /home/shin/web-app/CI-Market/vendor/codeigniter4/framework/system/Database/MySQLi/Connection.php:218
Stack trace:
#0 /home/shin/web-app/CI-Market/vendor/codeigniter4/framework/system/Database/BaseConnection.php(391): CodeIgniter\Database\MySQLi\Connection->connect()
#1 /home/shin/web-app/CI-Market/vendor/codeigniter4/framework/system/Database/BaseConnection.php(574): CodeIgniter\Database\BaseConnection->initialize()
#2 /home/shin/web-app/CI-Market/vendor/codeigniter4/framework/system/Database/BaseConnection.php(1409): CodeIgniter\Database\BaseConnection->query()
#3 /home/shin/web-app/CI-Market/vendor/codeigniter4/framework/system/Database/BaseConnection.php(1428): CodeIgniter\Database\BaseConnection->listTables()
#4 /home/shin/web-app/CI-Market/vendor/codeigniter4/framework/system/Database/MigrationRunner.php(768): CodeIgniter\Database\BaseConnection->tableExists()
#5 /home/shin/web-app/CI-Market/vendor/codeigniter4/framework/system/Database/MigrationRunner.php(168): CodeIgniter\Database\MigrationRunner->ensureTable()
#6 /home/shin/web-app/CI-Market/vendor/codeigniter4/framework/system/Commands/Database/Migrate.php(84): CodeIgniter\Database\MigrationRunner->latest()
#7 /home/shin/web-app/CI-Market/vendor/codeigniter4/shield/src/Commands/Setup.php(308): CodeIgniter\Commands\Database\Migrate->run()
#8 /home/shin/web-app/CI-Market/vendor/codeigniter4/shield/src/Commands/Setup.php(92): CodeIgniter\Shield\Commands\Setup->runMigrations()
#9 /home/shin/web-app/CI-Market/vendor/codeigniter4/shield/src/Commands/Setup.php(79): CodeIgniter\Shield\Commands\Setup->publishConfig()
#10 /home/shin/web-app/CI-Market/vendor/codeigniter4/framework/system/CLI/Commands.php(65): CodeIgniter\Shield\Commands\Setup->run()
#11 /home/shin/web-app/CI-Market/vendor/codeigniter4/framework/system/CLI/Console.php(37): CodeIgniter\CLI\Commands->run()
#12 /home/shin/web-app/CI-Market/spark(97): CodeIgniter\CLI\Console->run()
#13 {main}
INFO - 2023-05-23 07:14:56 --> Session: Class initialized using 'CodeIgniter\Session\Handlers\FileHandler' driver.
INFO - 2023-05-23 07:14:57 --> Session: Class initialized using 'CodeIgniter\Session\Handlers\FileHandler' driver.
INFO - 2023-05-23 07:15:00 --> Session: Class initialized using 'CodeIgniter\Session\Handlers\FileHandler' driver.
INFO - 2023-05-23 07:15:01 --> Session: Class initialized using 'CodeIgniter\Session\Handlers\FileHandler' driver.
INFO - 2023-05-23 07:18:40 --> Session: Class initialized using 'CodeIgniter\Session\Handlers\FileHandler' driver.
INFO - 2023-05-23 07:18:40 --> Session: Class initialized using 'CodeIgniter\Session\Handlers\FileHandler' driver.
INFO - 2023-05-23 07:18:42 --> Session: Class initialized using 'CodeIgniter\Session\Handlers\FileHandler' driver.
INFO - 2023-05-23 07:18:43 --> Session: Class initialized using 'CodeIgniter\Session\Handlers\FileHandler' driver.
