ERROR - 2023-05-22 06:00:26 --> Error connecting to the database: mysqli_sql_exception: No connection could be made because the target machine actively refused it in C:\Users\123\Documents\CI-Market\vendor\codeigniter4\framework\system\Database\MySQLi\Connection.php:174
Stack trace:
#0 C:\Users\123\Documents\CI-Market\vendor\codeigniter4\framework\system\Database\MySQLi\Connection.php(174): mysqli->real_connect('localhost', 'root', '', 'market', 3306, '', 0)
#1 C:\Users\123\Documents\CI-Market\vendor\codeigniter4\framework\system\Database\BaseConnection.php(391): CodeIgniter\Database\MySQLi\Connection->connect(false)
#2 C:\Users\123\Documents\CI-Market\vendor\codeigniter4\framework\system\Database\BaseConnection.php(574): CodeIgniter\Database\BaseConnection->initialize()
#3 C:\Users\123\Documents\CI-Market\vendor\codeigniter4\framework\system\Database\BaseBuilder.php(1616): CodeIgniter\Database\BaseConnection->query('SELECT *\nFROM `...', Array, false)
#4 C:\Users\123\Documents\CI-Market\vendor\codeigniter4\framework\system\Model.php(241): CodeIgniter\Database\BaseBuilder->get()
#5 C:\Users\123\Documents\CI-Market\vendor\codeigniter4\framework\system\BaseModel.php(618): CodeIgniter\Model->doFindAll(0, 0)
#6 C:\Users\123\Documents\CI-Market\app\Controllers\User.php(16): CodeIgniter\BaseModel->findAll()
#7 C:\Users\123\Documents\CI-Market\vendor\codeigniter4\framework\system\CodeIgniter.php(934): App\Controllers\User->index()
#8 C:\Users\123\Documents\CI-Market\vendor\codeigniter4\framework\system\CodeIgniter.php(499): CodeIgniter\CodeIgniter->runController(Object(App\Controllers\User))
#9 C:\Users\123\Documents\CI-Market\vendor\codeigniter4\framework\system\CodeIgniter.php(368): CodeIgniter\CodeIgniter->handleRequest(NULL, Object(Config\Cache), false)
#10 C:\Users\123\Documents\CI-Market\public\index.php(67): CodeIgniter\CodeIgniter->run()
#11 C:\Users\123\Documents\CI-Market\vendor\codeigniter4\framework\system\Commands\Server\rewrite.php(47): require_once('C:\\Users\\123\\Do...')
#12 {main}

Next CodeIgniter\Database\Exceptions\DatabaseException: No connection could be made because the target machine actively refused it in C:\Users\123\Documents\CI-Market\vendor\codeigniter4\framework\system\Database\MySQLi\Connection.php:218
Stack trace:
#0 C:\Users\123\Documents\CI-Market\vendor\codeigniter4\framework\system\Database\BaseConnection.php(391): CodeIgniter\Database\MySQLi\Connection->connect(false)
#1 C:\Users\123\Documents\CI-Market\vendor\codeigniter4\framework\system\Database\BaseConnection.php(574): CodeIgniter\Database\BaseConnection->initialize()
#2 C:\Users\123\Documents\CI-Market\vendor\codeigniter4\framework\system\Database\BaseBuilder.php(1616): CodeIgniter\Database\BaseConnection->query('SELECT *\nFROM `...', Array, false)
#3 C:\Users\123\Documents\CI-Market\vendor\codeigniter4\framework\system\Model.php(241): CodeIgniter\Database\BaseBuilder->get()
#4 C:\Users\123\Documents\CI-Market\vendor\codeigniter4\framework\system\BaseModel.php(618): CodeIgniter\Model->doFindAll(0, 0)
#5 C:\Users\123\Documents\CI-Market\app\Controllers\User.php(16): CodeIgniter\BaseModel->findAll()
#6 C:\Users\123\Documents\CI-Market\vendor\codeigniter4\framework\system\CodeIgniter.php(934): App\Controllers\User->index()
#7 C:\Users\123\Documents\CI-Market\vendor\codeigniter4\framework\system\CodeIgniter.php(499): CodeIgniter\CodeIgniter->runController(Object(App\Controllers\User))
#8 C:\Users\123\Documents\CI-Market\vendor\codeigniter4\framework\system\CodeIgniter.php(368): CodeIgniter\CodeIgniter->handleRequest(NULL, Object(Config\Cache), false)
#9 C:\Users\123\Documents\CI-Market\public\index.php(67): CodeIgniter\CodeIgniter->run()
#10 C:\Users\123\Documents\CI-Market\vendor\codeigniter4\framework\system\Commands\Server\rewrite.php(47): require_once('C:\\Users\\123\\Do...')
#11 {main}
CRITICAL - 2023-05-22 06:00:26 --> Unable to connect to the database.
Main connection [MySQLi]: No connection could be made because the target machine actively refused it
in SYSTEMPATH\Database\BaseConnection.php on line 427.
 1 SYSTEMPATH\Database\BaseConnection.php(574): CodeIgniter\Database\BaseConnection->initialize()
 2 SYSTEMPATH\Database\BaseBuilder.php(1616): CodeIgniter\Database\BaseConnection->query('SELECT *
FROM `users`', [], false)
 3 SYSTEMPATH\Model.php(241): CodeIgniter\Database\BaseBuilder->get()
 4 SYSTEMPATH\BaseModel.php(618): CodeIgniter\Model->doFindAll(0, 0)
 5 APPPATH\Controllers\User.php(16): CodeIgniter\BaseModel->findAll()
 6 SYSTEMPATH\CodeIgniter.php(934): App\Controllers\User->index()
 7 SYSTEMPATH\CodeIgniter.php(499): CodeIgniter\CodeIgniter->runController(Object(App\Controllers\User))
 8 SYSTEMPATH\CodeIgniter.php(368): CodeIgniter\CodeIgniter->handleRequest(null, Object(Config\Cache), false)
 9 FCPATH\index.php(67): CodeIgniter\CodeIgniter->run()
10 SYSTEMPATH\Commands\Server\rewrite.php(47): require_once('C:\\Users\\123\\Documents\\CI-Market\\public\\index.php')
CRITICAL - 2023-05-22 06:08:47 --> Undefined variable $users
in APPPATH\Views\usertest.php on line 1.
 1 APPPATH\Views\usertest.php(1): CodeIgniter\Debug\Exceptions->errorHandler(2, 'Undefined variable $users', 'C:\\Users\\123\\Documents\\CI-Market\\app\\Views\\usertest.php', 1)
 2 SYSTEMPATH\View\View.php(213): include('C:\\Users\\123\\Documents\\CI-Market\\app\\Views\\usertest.php')
 3 SYSTEMPATH\View\View.php(216): CodeIgniter\View\View->CodeIgniter\View\{closure}()
 4 SYSTEMPATH\Common.php(1184): CodeIgniter\View\View->render('usertest', [], true)
 5 APPPATH\Controllers\Product.php(17): view('usertest', [...])
 6 SYSTEMPATH\CodeIgniter.php(934): App\Controllers\Product->index()
 7 SYSTEMPATH\CodeIgniter.php(499): CodeIgniter\CodeIgniter->runController(Object(App\Controllers\Product))
 8 SYSTEMPATH\CodeIgniter.php(368): CodeIgniter\CodeIgniter->handleRequest(null, Object(Config\Cache), false)
 9 FCPATH\index.php(67): CodeIgniter\CodeIgniter->run()
10 SYSTEMPATH\Commands\Server\rewrite.php(47): require_once('C:\\Users\\123\\Documents\\CI-Market\\public\\index.php')
ERROR - 2023-05-22 12:56:23 --> Error connecting to the database: mysqli_sql_exception: No such file or directory in /home/shin/web-app/CI-Market/vendor/codeigniter4/framework/system/Database/MySQLi/Connection.php:173
Stack trace:
#0 /home/shin/web-app/CI-Market/vendor/codeigniter4/framework/system/Database/MySQLi/Connection.php(173): mysqli->real_connect()
#1 /home/shin/web-app/CI-Market/vendor/codeigniter4/framework/system/Database/BaseConnection.php(391): CodeIgniter\Database\MySQLi\Connection->connect()
#2 /home/shin/web-app/CI-Market/vendor/codeigniter4/framework/system/Database/BaseConnection.php(574): CodeIgniter\Database\BaseConnection->initialize()
#3 /home/shin/web-app/CI-Market/vendor/codeigniter4/framework/system/Database/BaseBuilder.php(1616): CodeIgniter\Database\BaseConnection->query()
#4 /home/shin/web-app/CI-Market/vendor/codeigniter4/framework/system/Model.php(241): CodeIgniter\Database\BaseBuilder->get()
#5 /home/shin/web-app/CI-Market/vendor/codeigniter4/framework/system/BaseModel.php(618): CodeIgniter\Model->doFindAll()
#6 /home/shin/web-app/CI-Market/app/Controllers/User.php(16): CodeIgniter\BaseModel->findAll()
#7 /home/shin/web-app/CI-Market/vendor/codeigniter4/framework/system/CodeIgniter.php(934): App\Controllers\User->index()
#8 /home/shin/web-app/CI-Market/vendor/codeigniter4/framework/system/CodeIgniter.php(499): CodeIgniter\CodeIgniter->runController()
#9 /home/shin/web-app/CI-Market/vendor/codeigniter4/framework/system/CodeIgniter.php(368): CodeIgniter\CodeIgniter->handleRequest()
#10 /home/shin/web-app/CI-Market/public/index.php(67): CodeIgniter\CodeIgniter->run()
#11 /home/shin/web-app/CI-Market/vendor/codeigniter4/framework/system/Commands/Server/rewrite.php(47): require_once('...')
#12 {main}

Next CodeIgniter\Database\Exceptions\DatabaseException: No such file or directory in /home/shin/web-app/CI-Market/vendor/codeigniter4/framework/system/Database/MySQLi/Connection.php:218
Stack trace:
#0 /home/shin/web-app/CI-Market/vendor/codeigniter4/framework/system/Database/BaseConnection.php(391): CodeIgniter\Database\MySQLi\Connection->connect()
#1 /home/shin/web-app/CI-Market/vendor/codeigniter4/framework/system/Database/BaseConnection.php(574): CodeIgniter\Database\BaseConnection->initialize()
#2 /home/shin/web-app/CI-Market/vendor/codeigniter4/framework/system/Database/BaseBuilder.php(1616): CodeIgniter\Database\BaseConnection->query()
#3 /home/shin/web-app/CI-Market/vendor/codeigniter4/framework/system/Model.php(241): CodeIgniter\Database\BaseBuilder->get()
#4 /home/shin/web-app/CI-Market/vendor/codeigniter4/framework/system/BaseModel.php(618): CodeIgniter\Model->doFindAll()
#5 /home/shin/web-app/CI-Market/app/Controllers/User.php(16): CodeIgniter\BaseModel->findAll()
#6 /home/shin/web-app/CI-Market/vendor/codeigniter4/framework/system/CodeIgniter.php(934): App\Controllers\User->index()
#7 /home/shin/web-app/CI-Market/vendor/codeigniter4/framework/system/CodeIgniter.php(499): CodeIgniter\CodeIgniter->runController()
#8 /home/shin/web-app/CI-Market/vendor/codeigniter4/framework/system/CodeIgniter.php(368): CodeIgniter\CodeIgniter->handleRequest()
#9 /home/shin/web-app/CI-Market/public/index.php(67): CodeIgniter\CodeIgniter->run()
#10 /home/shin/web-app/CI-Market/vendor/codeigniter4/framework/system/Commands/Server/rewrite.php(47): require_once('...')
#11 {main}
CRITICAL - 2023-05-22 12:56:23 --> Unable to connect to the database.
Main connection [MySQLi]: No such file or directory
in SYSTEMPATH/Database/BaseConnection.php on line 427.
 1 SYSTEMPATH/Database/BaseConnection.php(574): CodeIgniter\Database\BaseConnection->initialize()
 2 SYSTEMPATH/Database/BaseBuilder.php(1616): CodeIgniter\Database\BaseConnection->query()
 3 SYSTEMPATH/Model.php(241): CodeIgniter\Database\BaseBuilder->get()
 4 SYSTEMPATH/BaseModel.php(618): CodeIgniter\Model->doFindAll()
 5 APPPATH/Controllers/User.php(16): CodeIgniter\BaseModel->findAll()
 6 SYSTEMPATH/CodeIgniter.php(934): App\Controllers\User->index()
 7 SYSTEMPATH/CodeIgniter.php(499): CodeIgniter\CodeIgniter->runController()
 8 SYSTEMPATH/CodeIgniter.php(368): CodeIgniter\CodeIgniter->handleRequest()
 9 FCPATH/index.php(67): CodeIgniter\CodeIgniter->run()
10 SYSTEMPATH/Commands/Server/rewrite.php(47): require_once('/home/shin/web-app/CI-Market/public/index.php')
ERROR - 2023-05-22 14:47:33 --> Error connecting to the database: mysqli_sql_exception: No such file or directory in /home/shin/web-app/CI-Market/vendor/codeigniter4/framework/system/Database/MySQLi/Connection.php:173
Stack trace:
#0 /home/shin/web-app/CI-Market/vendor/codeigniter4/framework/system/Database/MySQLi/Connection.php(173): mysqli->real_connect()
#1 /home/shin/web-app/CI-Market/vendor/codeigniter4/framework/system/Database/BaseConnection.php(391): CodeIgniter\Database\MySQLi\Connection->connect()
#2 /home/shin/web-app/CI-Market/vendor/codeigniter4/framework/system/Database/BaseConnection.php(574): CodeIgniter\Database\BaseConnection->initialize()
#3 /home/shin/web-app/CI-Market/vendor/codeigniter4/framework/system/Database/BaseBuilder.php(1616): CodeIgniter\Database\BaseConnection->query()
#4 /home/shin/web-app/CI-Market/vendor/codeigniter4/framework/system/Model.php(241): CodeIgniter\Database\BaseBuilder->get()
#5 /home/shin/web-app/CI-Market/vendor/codeigniter4/framework/system/BaseModel.php(618): CodeIgniter\Model->doFindAll()
#6 /home/shin/web-app/CI-Market/app/Controllers/Product.php(16): CodeIgniter\BaseModel->findAll()
#7 /home/shin/web-app/CI-Market/vendor/codeigniter4/framework/system/CodeIgniter.php(934): App\Controllers\Product->index()
#8 /home/shin/web-app/CI-Market/vendor/codeigniter4/framework/system/CodeIgniter.php(499): CodeIgniter\CodeIgniter->runController()
#9 /home/shin/web-app/CI-Market/vendor/codeigniter4/framework/system/CodeIgniter.php(368): CodeIgniter\CodeIgniter->handleRequest()
#10 /home/shin/web-app/CI-Market/public/index.php(67): CodeIgniter\CodeIgniter->run()
#11 /home/shin/web-app/CI-Market/vendor/codeigniter4/framework/system/Commands/Server/rewrite.php(47): require_once('...')
#12 {main}

Next CodeIgniter\Database\Exceptions\DatabaseException: No such file or directory in /home/shin/web-app/CI-Market/vendor/codeigniter4/framework/system/Database/MySQLi/Connection.php:218
Stack trace:
#0 /home/shin/web-app/CI-Market/vendor/codeigniter4/framework/system/Database/BaseConnection.php(391): CodeIgniter\Database\MySQLi\Connection->connect()
#1 /home/shin/web-app/CI-Market/vendor/codeigniter4/framework/system/Database/BaseConnection.php(574): CodeIgniter\Database\BaseConnection->initialize()
#2 /home/shin/web-app/CI-Market/vendor/codeigniter4/framework/system/Database/BaseBuilder.php(1616): CodeIgniter\Database\BaseConnection->query()
#3 /home/shin/web-app/CI-Market/vendor/codeigniter4/framework/system/Model.php(241): CodeIgniter\Database\BaseBuilder->get()
#4 /home/shin/web-app/CI-Market/vendor/codeigniter4/framework/system/BaseModel.php(618): CodeIgniter\Model->doFindAll()
#5 /home/shin/web-app/CI-Market/app/Controllers/Product.php(16): CodeIgniter\BaseModel->findAll()
#6 /home/shin/web-app/CI-Market/vendor/codeigniter4/framework/system/CodeIgniter.php(934): App\Controllers\Product->index()
#7 /home/shin/web-app/CI-Market/vendor/codeigniter4/framework/system/CodeIgniter.php(499): CodeIgniter\CodeIgniter->runController()
#8 /home/shin/web-app/CI-Market/vendor/codeigniter4/framework/system/CodeIgniter.php(368): CodeIgniter\CodeIgniter->handleRequest()
#9 /home/shin/web-app/CI-Market/public/index.php(67): CodeIgniter\CodeIgniter->run()
#10 /home/shin/web-app/CI-Market/vendor/codeigniter4/framework/system/Commands/Server/rewrite.php(47): require_once('...')
#11 {main}
CRITICAL - 2023-05-22 14:47:33 --> Unable to connect to the database.
Main connection [MySQLi]: No such file or directory
in SYSTEMPATH/Database/BaseConnection.php on line 427.
 1 SYSTEMPATH/Database/BaseConnection.php(574): CodeIgniter\Database\BaseConnection->initialize()
 2 SYSTEMPATH/Database/BaseBuilder.php(1616): CodeIgniter\Database\BaseConnection->query()
 3 SYSTEMPATH/Model.php(241): CodeIgniter\Database\BaseBuilder->get()
 4 SYSTEMPATH/BaseModel.php(618): CodeIgniter\Model->doFindAll()
 5 APPPATH/Controllers/Product.php(16): CodeIgniter\BaseModel->findAll()
 6 SYSTEMPATH/CodeIgniter.php(934): App\Controllers\Product->index()
 7 SYSTEMPATH/CodeIgniter.php(499): CodeIgniter\CodeIgniter->runController()
 8 SYSTEMPATH/CodeIgniter.php(368): CodeIgniter\CodeIgniter->handleRequest()
 9 FCPATH/index.php(67): CodeIgniter\CodeIgniter->run()
10 SYSTEMPATH/Commands/Server/rewrite.php(47): require_once('/home/shin/web-app/CI-Market/public/index.php')
ERROR - 2023-05-22 14:47:42 --> Error connecting to the database: mysqli_sql_exception: No such file or directory in /home/shin/web-app/CI-Market/vendor/codeigniter4/framework/system/Database/MySQLi/Connection.php:173
Stack trace:
#0 /home/shin/web-app/CI-Market/vendor/codeigniter4/framework/system/Database/MySQLi/Connection.php(173): mysqli->real_connect()
#1 /home/shin/web-app/CI-Market/vendor/codeigniter4/framework/system/Database/BaseConnection.php(391): CodeIgniter\Database\MySQLi\Connection->connect()
#2 /home/shin/web-app/CI-Market/vendor/codeigniter4/framework/system/Database/BaseConnection.php(574): CodeIgniter\Database\BaseConnection->initialize()
#3 /home/shin/web-app/CI-Market/vendor/codeigniter4/framework/system/Database/BaseBuilder.php(1616): CodeIgniter\Database\BaseConnection->query()
#4 /home/shin/web-app/CI-Market/vendor/codeigniter4/framework/system/Model.php(241): CodeIgniter\Database\BaseBuilder->get()
#5 /home/shin/web-app/CI-Market/vendor/codeigniter4/framework/system/BaseModel.php(618): CodeIgniter\Model->doFindAll()
#6 /home/shin/web-app/CI-Market/app/Controllers/Product.php(16): CodeIgniter\BaseModel->findAll()
#7 /home/shin/web-app/CI-Market/vendor/codeigniter4/framework/system/CodeIgniter.php(934): App\Controllers\Product->index()
#8 /home/shin/web-app/CI-Market/vendor/codeigniter4/framework/system/CodeIgniter.php(499): CodeIgniter\CodeIgniter->runController()
#9 /home/shin/web-app/CI-Market/vendor/codeigniter4/framework/system/CodeIgniter.php(368): CodeIgniter\CodeIgniter->handleRequest()
#10 /home/shin/web-app/CI-Market/public/index.php(67): CodeIgniter\CodeIgniter->run()
#11 /home/shin/web-app/CI-Market/vendor/codeigniter4/framework/system/Commands/Server/rewrite.php(47): require_once('...')
#12 {main}

Next CodeIgniter\Database\Exceptions\DatabaseException: No such file or directory in /home/shin/web-app/CI-Market/vendor/codeigniter4/framework/system/Database/MySQLi/Connection.php:218
Stack trace:
#0 /home/shin/web-app/CI-Market/vendor/codeigniter4/framework/system/Database/BaseConnection.php(391): CodeIgniter\Database\MySQLi\Connection->connect()
#1 /home/shin/web-app/CI-Market/vendor/codeigniter4/framework/system/Database/BaseConnection.php(574): CodeIgniter\Database\BaseConnection->initialize()
#2 /home/shin/web-app/CI-Market/vendor/codeigniter4/framework/system/Database/BaseBuilder.php(1616): CodeIgniter\Database\BaseConnection->query()
#3 /home/shin/web-app/CI-Market/vendor/codeigniter4/framework/system/Model.php(241): CodeIgniter\Database\BaseBuilder->get()
#4 /home/shin/web-app/CI-Market/vendor/codeigniter4/framework/system/BaseModel.php(618): CodeIgniter\Model->doFindAll()
#5 /home/shin/web-app/CI-Market/app/Controllers/Product.php(16): CodeIgniter\BaseModel->findAll()
#6 /home/shin/web-app/CI-Market/vendor/codeigniter4/framework/system/CodeIgniter.php(934): App\Controllers\Product->index()
#7 /home/shin/web-app/CI-Market/vendor/codeigniter4/framework/system/CodeIgniter.php(499): CodeIgniter\CodeIgniter->runController()
#8 /home/shin/web-app/CI-Market/vendor/codeigniter4/framework/system/CodeIgniter.php(368): CodeIgniter\CodeIgniter->handleRequest()
#9 /home/shin/web-app/CI-Market/public/index.php(67): CodeIgniter\CodeIgniter->run()
#10 /home/shin/web-app/CI-Market/vendor/codeigniter4/framework/system/Commands/Server/rewrite.php(47): require_once('...')
#11 {main}
CRITICAL - 2023-05-22 14:47:42 --> Unable to connect to the database.
Main connection [MySQLi]: No such file or directory
in SYSTEMPATH/Database/BaseConnection.php on line 427.
 1 SYSTEMPATH/Database/BaseConnection.php(574): CodeIgniter\Database\BaseConnection->initialize()
 2 SYSTEMPATH/Database/BaseBuilder.php(1616): CodeIgniter\Database\BaseConnection->query()
 3 SYSTEMPATH/Model.php(241): CodeIgniter\Database\BaseBuilder->get()
 4 SYSTEMPATH/BaseModel.php(618): CodeIgniter\Model->doFindAll()
 5 APPPATH/Controllers/Product.php(16): CodeIgniter\BaseModel->findAll()
 6 SYSTEMPATH/CodeIgniter.php(934): App\Controllers\Product->index()
 7 SYSTEMPATH/CodeIgniter.php(499): CodeIgniter\CodeIgniter->runController()
 8 SYSTEMPATH/CodeIgniter.php(368): CodeIgniter\CodeIgniter->handleRequest()
 9 FCPATH/index.php(67): CodeIgniter\CodeIgniter->run()
10 SYSTEMPATH/Commands/Server/rewrite.php(47): require_once('/home/shin/web-app/CI-Market/public/index.php')
ERROR - 2023-05-22 14:47:56 --> Error connecting to the database: mysqli_sql_exception: Access denied for user 'root'@'localhost' in /home/shin/web-app/CI-Market/vendor/codeigniter4/framework/system/Database/MySQLi/Connection.php:173
Stack trace:
#0 /home/shin/web-app/CI-Market/vendor/codeigniter4/framework/system/Database/MySQLi/Connection.php(173): mysqli->real_connect()
#1 /home/shin/web-app/CI-Market/vendor/codeigniter4/framework/system/Database/BaseConnection.php(391): CodeIgniter\Database\MySQLi\Connection->connect()
#2 /home/shin/web-app/CI-Market/vendor/codeigniter4/framework/system/Database/BaseConnection.php(574): CodeIgniter\Database\BaseConnection->initialize()
#3 /home/shin/web-app/CI-Market/vendor/codeigniter4/framework/system/Database/BaseBuilder.php(1616): CodeIgniter\Database\BaseConnection->query()
#4 /home/shin/web-app/CI-Market/vendor/codeigniter4/framework/system/Model.php(241): CodeIgniter\Database\BaseBuilder->get()
#5 /home/shin/web-app/CI-Market/vendor/codeigniter4/framework/system/BaseModel.php(618): CodeIgniter\Model->doFindAll()
#6 /home/shin/web-app/CI-Market/app/Controllers/Product.php(16): CodeIgniter\BaseModel->findAll()
#7 /home/shin/web-app/CI-Market/vendor/codeigniter4/framework/system/CodeIgniter.php(934): App\Controllers\Product->index()
#8 /home/shin/web-app/CI-Market/vendor/codeigniter4/framework/system/CodeIgniter.php(499): CodeIgniter\CodeIgniter->runController()
#9 /home/shin/web-app/CI-Market/vendor/codeigniter4/framework/system/CodeIgniter.php(368): CodeIgniter\CodeIgniter->handleRequest()
#10 /home/shin/web-app/CI-Market/public/index.php(67): CodeIgniter\CodeIgniter->run()
#11 /home/shin/web-app/CI-Market/vendor/codeigniter4/framework/system/Commands/Server/rewrite.php(47): require_once('...')
#12 {main}

Next CodeIgniter\Database\Exceptions\DatabaseException: Access denied for user '****'@'localhost' in /home/shin/web-app/CI-Market/vendor/codeigniter4/framework/system/Database/MySQLi/Connection.php:218
Stack trace:
#0 /home/shin/web-app/CI-Market/vendor/codeigniter4/framework/system/Database/BaseConnection.php(391): CodeIgniter\Database\MySQLi\Connection->connect()
#1 /home/shin/web-app/CI-Market/vendor/codeigniter4/framework/system/Database/BaseConnection.php(574): CodeIgniter\Database\BaseConnection->initialize()
#2 /home/shin/web-app/CI-Market/vendor/codeigniter4/framework/system/Database/BaseBuilder.php(1616): CodeIgniter\Database\BaseConnection->query()
#3 /home/shin/web-app/CI-Market/vendor/codeigniter4/framework/system/Model.php(241): CodeIgniter\Database\BaseBuilder->get()
#4 /home/shin/web-app/CI-Market/vendor/codeigniter4/framework/system/BaseModel.php(618): CodeIgniter\Model->doFindAll()
#5 /home/shin/web-app/CI-Market/app/Controllers/Product.php(16): CodeIgniter\BaseModel->findAll()
#6 /home/shin/web-app/CI-Market/vendor/codeigniter4/framework/system/CodeIgniter.php(934): App\Controllers\Product->index()
#7 /home/shin/web-app/CI-Market/vendor/codeigniter4/framework/system/CodeIgniter.php(499): CodeIgniter\CodeIgniter->runController()
#8 /home/shin/web-app/CI-Market/vendor/codeigniter4/framework/system/CodeIgniter.php(368): CodeIgniter\CodeIgniter->handleRequest()
#9 /home/shin/web-app/CI-Market/public/index.php(67): CodeIgniter\CodeIgniter->run()
#10 /home/shin/web-app/CI-Market/vendor/codeigniter4/framework/system/Commands/Server/rewrite.php(47): require_once('...')
#11 {main}
CRITICAL - 2023-05-22 14:47:56 --> Unable to connect to the database.
Main connection [MySQLi]: Access denied for user '****'@'localhost'
in SYSTEMPATH/Database/BaseConnection.php on line 427.
 1 SYSTEMPATH/Database/BaseConnection.php(574): CodeIgniter\Database\BaseConnection->initialize()
 2 SYSTEMPATH/Database/BaseBuilder.php(1616): CodeIgniter\Database\BaseConnection->query()
 3 SYSTEMPATH/Model.php(241): CodeIgniter\Database\BaseBuilder->get()
 4 SYSTEMPATH/BaseModel.php(618): CodeIgniter\Model->doFindAll()
 5 APPPATH/Controllers/Product.php(16): CodeIgniter\BaseModel->findAll()
 6 SYSTEMPATH/CodeIgniter.php(934): App\Controllers\Product->index()
 7 SYSTEMPATH/CodeIgniter.php(499): CodeIgniter\CodeIgniter->runController()
 8 SYSTEMPATH/CodeIgniter.php(368): CodeIgniter\CodeIgniter->handleRequest()
 9 FCPATH/index.php(67): CodeIgniter\CodeIgniter->run()
10 SYSTEMPATH/Commands/Server/rewrite.php(47): require_once('/home/shin/web-app/CI-Market/public/index.php')
ERROR - 2023-05-22 14:48:23 --> Error connecting to the database: mysqli_sql_exception: Unknown database 'market' in /home/shin/web-app/CI-Market/vendor/codeigniter4/framework/system/Database/MySQLi/Connection.php:173
Stack trace:
#0 /home/shin/web-app/CI-Market/vendor/codeigniter4/framework/system/Database/MySQLi/Connection.php(173): mysqli->real_connect()
#1 /home/shin/web-app/CI-Market/vendor/codeigniter4/framework/system/Database/BaseConnection.php(391): CodeIgniter\Database\MySQLi\Connection->connect()
#2 /home/shin/web-app/CI-Market/vendor/codeigniter4/framework/system/Database/BaseConnection.php(574): CodeIgniter\Database\BaseConnection->initialize()
#3 /home/shin/web-app/CI-Market/vendor/codeigniter4/framework/system/Database/BaseBuilder.php(1616): CodeIgniter\Database\BaseConnection->query()
#4 /home/shin/web-app/CI-Market/vendor/codeigniter4/framework/system/Model.php(241): CodeIgniter\Database\BaseBuilder->get()
#5 /home/shin/web-app/CI-Market/vendor/codeigniter4/framework/system/BaseModel.php(618): CodeIgniter\Model->doFindAll()
#6 /home/shin/web-app/CI-Market/app/Controllers/Product.php(16): CodeIgniter\BaseModel->findAll()
#7 /home/shin/web-app/CI-Market/vendor/codeigniter4/framework/system/CodeIgniter.php(934): App\Controllers\Product->index()
#8 /home/shin/web-app/CI-Market/vendor/codeigniter4/framework/system/CodeIgniter.php(499): CodeIgniter\CodeIgniter->runController()
#9 /home/shin/web-app/CI-Market/vendor/codeigniter4/framework/system/CodeIgniter.php(368): CodeIgniter\CodeIgniter->handleRequest()
#10 /home/shin/web-app/CI-Market/public/index.php(67): CodeIgniter\CodeIgniter->run()
#11 /home/shin/web-app/CI-Market/vendor/codeigniter4/framework/system/Commands/Server/rewrite.php(47): require_once('...')
#12 {main}

Next CodeIgniter\Database\Exceptions\DatabaseException: Unknown database 'market' in /home/shin/web-app/CI-Market/vendor/codeigniter4/framework/system/Database/MySQLi/Connection.php:218
Stack trace:
#0 /home/shin/web-app/CI-Market/vendor/codeigniter4/framework/system/Database/BaseConnection.php(391): CodeIgniter\Database\MySQLi\Connection->connect()
#1 /home/shin/web-app/CI-Market/vendor/codeigniter4/framework/system/Database/BaseConnection.php(574): CodeIgniter\Database\BaseConnection->initialize()
#2 /home/shin/web-app/CI-Market/vendor/codeigniter4/framework/system/Database/BaseBuilder.php(1616): CodeIgniter\Database\BaseConnection->query()
#3 /home/shin/web-app/CI-Market/vendor/codeigniter4/framework/system/Model.php(241): CodeIgniter\Database\BaseBuilder->get()
#4 /home/shin/web-app/CI-Market/vendor/codeigniter4/framework/system/BaseModel.php(618): CodeIgniter\Model->doFindAll()
#5 /home/shin/web-app/CI-Market/app/Controllers/Product.php(16): CodeIgniter\BaseModel->findAll()
#6 /home/shin/web-app/CI-Market/vendor/codeigniter4/framework/system/CodeIgniter.php(934): App\Controllers\Product->index()
#7 /home/shin/web-app/CI-Market/vendor/codeigniter4/framework/system/CodeIgniter.php(499): CodeIgniter\CodeIgniter->runController()
#8 /home/shin/web-app/CI-Market/vendor/codeigniter4/framework/system/CodeIgniter.php(368): CodeIgniter\CodeIgniter->handleRequest()
#9 /home/shin/web-app/CI-Market/public/index.php(67): CodeIgniter\CodeIgniter->run()
#10 /home/shin/web-app/CI-Market/vendor/codeigniter4/framework/system/Commands/Server/rewrite.php(47): require_once('...')
#11 {main}
CRITICAL - 2023-05-22 14:48:23 --> Unable to connect to the database.
Main connection [MySQLi]: Unknown database 'market'
in SYSTEMPATH/Database/BaseConnection.php on line 427.
 1 SYSTEMPATH/Database/BaseConnection.php(574): CodeIgniter\Database\BaseConnection->initialize()
 2 SYSTEMPATH/Database/BaseBuilder.php(1616): CodeIgniter\Database\BaseConnection->query()
 3 SYSTEMPATH/Model.php(241): CodeIgniter\Database\BaseBuilder->get()
 4 SYSTEMPATH/BaseModel.php(618): CodeIgniter\Model->doFindAll()
 5 APPPATH/Controllers/Product.php(16): CodeIgniter\BaseModel->findAll()
 6 SYSTEMPATH/CodeIgniter.php(934): App\Controllers\Product->index()
 7 SYSTEMPATH/CodeIgniter.php(499): CodeIgniter\CodeIgniter->runController()
 8 SYSTEMPATH/CodeIgniter.php(368): CodeIgniter\CodeIgniter->handleRequest()
 9 FCPATH/index.php(67): CodeIgniter\CodeIgniter->run()
10 SYSTEMPATH/Commands/Server/rewrite.php(47): require_once('/home/shin/web-app/CI-Market/public/index.php')
ERROR - 2023-05-22 14:48:36 --> mysqli_sql_exception: Can't create database 'Market'; database exists in /home/shin/web-app/CI-Market/vendor/codeigniter4/framework/system/Database/MySQLi/Connection.php:295
Stack trace:
#0 /home/shin/web-app/CI-Market/vendor/codeigniter4/framework/system/Database/MySQLi/Connection.php(295): mysqli->query()
#1 /home/shin/web-app/CI-Market/vendor/codeigniter4/framework/system/Database/BaseConnection.php(692): CodeIgniter\Database\MySQLi\Connection->execute()
#2 /home/shin/web-app/CI-Market/vendor/codeigniter4/framework/system/Database/BaseConnection.php(606): CodeIgniter\Database\BaseConnection->simpleQuery()
#3 /home/shin/web-app/CI-Market/vendor/codeigniter4/framework/system/Database/Forge.php(230): CodeIgniter\Database\BaseConnection->query()
#4 /home/shin/web-app/CI-Market/vendor/codeigniter4/framework/system/Commands/Database/CreateDatabase.php(137): CodeIgniter\Database\Forge->createDatabase()
#5 /home/shin/web-app/CI-Market/vendor/codeigniter4/framework/system/CLI/Commands.php(65): CodeIgniter\Commands\Database\CreateDatabase->run()
#6 /home/shin/web-app/CI-Market/vendor/codeigniter4/framework/system/CLI/Console.php(37): CodeIgniter\CLI\Commands->run()
#7 /home/shin/web-app/CI-Market/spark(97): CodeIgniter\CLI\Console->run()
#8 {main}
ERROR - 2023-05-22 14:49:11 --> Error connecting to the database: mysqli_sql_exception: Unknown database 'market' in /home/shin/web-app/CI-Market/vendor/codeigniter4/framework/system/Database/MySQLi/Connection.php:173
Stack trace:
#0 /home/shin/web-app/CI-Market/vendor/codeigniter4/framework/system/Database/MySQLi/Connection.php(173): mysqli->real_connect()
#1 /home/shin/web-app/CI-Market/vendor/codeigniter4/framework/system/Database/BaseConnection.php(391): CodeIgniter\Database\MySQLi\Connection->connect()
#2 /home/shin/web-app/CI-Market/vendor/codeigniter4/framework/system/Database/BaseConnection.php(574): CodeIgniter\Database\BaseConnection->initialize()
#3 /home/shin/web-app/CI-Market/vendor/codeigniter4/framework/system/Database/BaseBuilder.php(1616): CodeIgniter\Database\BaseConnection->query()
#4 /home/shin/web-app/CI-Market/vendor/codeigniter4/framework/system/Model.php(241): CodeIgniter\Database\BaseBuilder->get()
#5 /home/shin/web-app/CI-Market/vendor/codeigniter4/framework/system/BaseModel.php(618): CodeIgniter\Model->doFindAll()
#6 /home/shin/web-app/CI-Market/app/Controllers/Product.php(16): CodeIgniter\BaseModel->findAll()
#7 /home/shin/web-app/CI-Market/vendor/codeigniter4/framework/system/CodeIgniter.php(934): App\Controllers\Product->index()
#8 /home/shin/web-app/CI-Market/vendor/codeigniter4/framework/system/CodeIgniter.php(499): CodeIgniter\CodeIgniter->runController()
#9 /home/shin/web-app/CI-Market/vendor/codeigniter4/framework/system/CodeIgniter.php(368): CodeIgniter\CodeIgniter->handleRequest()
#10 /home/shin/web-app/CI-Market/public/index.php(67): CodeIgniter\CodeIgniter->run()
#11 /home/shin/web-app/CI-Market/vendor/codeigniter4/framework/system/Commands/Server/rewrite.php(47): require_once('...')
#12 {main}

Next CodeIgniter\Database\Exceptions\DatabaseException: Unknown database 'market' in /home/shin/web-app/CI-Market/vendor/codeigniter4/framework/system/Database/MySQLi/Connection.php:218
Stack trace:
#0 /home/shin/web-app/CI-Market/vendor/codeigniter4/framework/system/Database/BaseConnection.php(391): CodeIgniter\Database\MySQLi\Connection->connect()
#1 /home/shin/web-app/CI-Market/vendor/codeigniter4/framework/system/Database/BaseConnection.php(574): CodeIgniter\Database\BaseConnection->initialize()
#2 /home/shin/web-app/CI-Market/vendor/codeigniter4/framework/system/Database/BaseBuilder.php(1616): CodeIgniter\Database\BaseConnection->query()
#3 /home/shin/web-app/CI-Market/vendor/codeigniter4/framework/system/Model.php(241): CodeIgniter\Database\BaseBuilder->get()
#4 /home/shin/web-app/CI-Market/vendor/codeigniter4/framework/system/BaseModel.php(618): CodeIgniter\Model->doFindAll()
#5 /home/shin/web-app/CI-Market/app/Controllers/Product.php(16): CodeIgniter\BaseModel->findAll()
#6 /home/shin/web-app/CI-Market/vendor/codeigniter4/framework/system/CodeIgniter.php(934): App\Controllers\Product->index()
#7 /home/shin/web-app/CI-Market/vendor/codeigniter4/framework/system/CodeIgniter.php(499): CodeIgniter\CodeIgniter->runController()
#8 /home/shin/web-app/CI-Market/vendor/codeigniter4/framework/system/CodeIgniter.php(368): CodeIgniter\CodeIgniter->handleRequest()
#9 /home/shin/web-app/CI-Market/public/index.php(67): CodeIgniter\CodeIgniter->run()
#10 /home/shin/web-app/CI-Market/vendor/codeigniter4/framework/system/Commands/Server/rewrite.php(47): require_once('...')
#11 {main}
CRITICAL - 2023-05-22 14:49:11 --> Unable to connect to the database.
Main connection [MySQLi]: Unknown database 'market'
in SYSTEMPATH/Database/BaseConnection.php on line 427.
 1 SYSTEMPATH/Database/BaseConnection.php(574): CodeIgniter\Database\BaseConnection->initialize()
 2 SYSTEMPATH/Database/BaseBuilder.php(1616): CodeIgniter\Database\BaseConnection->query()
 3 SYSTEMPATH/Model.php(241): CodeIgniter\Database\BaseBuilder->get()
 4 SYSTEMPATH/BaseModel.php(618): CodeIgniter\Model->doFindAll()
 5 APPPATH/Controllers/Product.php(16): CodeIgniter\BaseModel->findAll()
 6 SYSTEMPATH/CodeIgniter.php(934): App\Controllers\Product->index()
 7 SYSTEMPATH/CodeIgniter.php(499): CodeIgniter\CodeIgniter->runController()
 8 SYSTEMPATH/CodeIgniter.php(368): CodeIgniter\CodeIgniter->handleRequest()
 9 FCPATH/index.php(67): CodeIgniter\CodeIgniter->run()
10 SYSTEMPATH/Commands/Server/rewrite.php(47): require_once('/home/shin/web-app/CI-Market/public/index.php')
ERROR - 2023-05-22 14:49:12 --> Error connecting to the database: mysqli_sql_exception: Unknown database 'market' in /home/shin/web-app/CI-Market/vendor/codeigniter4/framework/system/Database/MySQLi/Connection.php:173
Stack trace:
#0 /home/shin/web-app/CI-Market/vendor/codeigniter4/framework/system/Database/MySQLi/Connection.php(173): mysqli->real_connect()
#1 /home/shin/web-app/CI-Market/vendor/codeigniter4/framework/system/Database/BaseConnection.php(391): CodeIgniter\Database\MySQLi\Connection->connect()
#2 /home/shin/web-app/CI-Market/vendor/codeigniter4/framework/system/Database/BaseConnection.php(574): CodeIgniter\Database\BaseConnection->initialize()
#3 /home/shin/web-app/CI-Market/vendor/codeigniter4/framework/system/Database/BaseBuilder.php(1616): CodeIgniter\Database\BaseConnection->query()
#4 /home/shin/web-app/CI-Market/vendor/codeigniter4/framework/system/Model.php(241): CodeIgniter\Database\BaseBuilder->get()
#5 /home/shin/web-app/CI-Market/vendor/codeigniter4/framework/system/BaseModel.php(618): CodeIgniter\Model->doFindAll()
#6 /home/shin/web-app/CI-Market/app/Controllers/Product.php(16): CodeIgniter\BaseModel->findAll()
#7 /home/shin/web-app/CI-Market/vendor/codeigniter4/framework/system/CodeIgniter.php(934): App\Controllers\Product->index()
#8 /home/shin/web-app/CI-Market/vendor/codeigniter4/framework/system/CodeIgniter.php(499): CodeIgniter\CodeIgniter->runController()
#9 /home/shin/web-app/CI-Market/vendor/codeigniter4/framework/system/CodeIgniter.php(368): CodeIgniter\CodeIgniter->handleRequest()
#10 /home/shin/web-app/CI-Market/public/index.php(67): CodeIgniter\CodeIgniter->run()
#11 /home/shin/web-app/CI-Market/vendor/codeigniter4/framework/system/Commands/Server/rewrite.php(47): require_once('...')
#12 {main}

Next CodeIgniter\Database\Exceptions\DatabaseException: Unknown database 'market' in /home/shin/web-app/CI-Market/vendor/codeigniter4/framework/system/Database/MySQLi/Connection.php:218
Stack trace:
#0 /home/shin/web-app/CI-Market/vendor/codeigniter4/framework/system/Database/BaseConnection.php(391): CodeIgniter\Database\MySQLi\Connection->connect()
#1 /home/shin/web-app/CI-Market/vendor/codeigniter4/framework/system/Database/BaseConnection.php(574): CodeIgniter\Database\BaseConnection->initialize()
#2 /home/shin/web-app/CI-Market/vendor/codeigniter4/framework/system/Database/BaseBuilder.php(1616): CodeIgniter\Database\BaseConnection->query()
#3 /home/shin/web-app/CI-Market/vendor/codeigniter4/framework/system/Model.php(241): CodeIgniter\Database\BaseBuilder->get()
#4 /home/shin/web-app/CI-Market/vendor/codeigniter4/framework/system/BaseModel.php(618): CodeIgniter\Model->doFindAll()
#5 /home/shin/web-app/CI-Market/app/Controllers/Product.php(16): CodeIgniter\BaseModel->findAll()
#6 /home/shin/web-app/CI-Market/vendor/codeigniter4/framework/system/CodeIgniter.php(934): App\Controllers\Product->index()
#7 /home/shin/web-app/CI-Market/vendor/codeigniter4/framework/system/CodeIgniter.php(499): CodeIgniter\CodeIgniter->runController()
#8 /home/shin/web-app/CI-Market/vendor/codeigniter4/framework/system/CodeIgniter.php(368): CodeIgniter\CodeIgniter->handleRequest()
#9 /home/shin/web-app/CI-Market/public/index.php(67): CodeIgniter\CodeIgniter->run()
#10 /home/shin/web-app/CI-Market/vendor/codeigniter4/framework/system/Commands/Server/rewrite.php(47): require_once('...')
#11 {main}
CRITICAL - 2023-05-22 14:49:12 --> Unable to connect to the database.
Main connection [MySQLi]: Unknown database 'market'
in SYSTEMPATH/Database/BaseConnection.php on line 427.
 1 SYSTEMPATH/Database/BaseConnection.php(574): CodeIgniter\Database\BaseConnection->initialize()
 2 SYSTEMPATH/Database/BaseBuilder.php(1616): CodeIgniter\Database\BaseConnection->query()
 3 SYSTEMPATH/Model.php(241): CodeIgniter\Database\BaseBuilder->get()
 4 SYSTEMPATH/BaseModel.php(618): CodeIgniter\Model->doFindAll()
 5 APPPATH/Controllers/Product.php(16): CodeIgniter\BaseModel->findAll()
 6 SYSTEMPATH/CodeIgniter.php(934): App\Controllers\Product->index()
 7 SYSTEMPATH/CodeIgniter.php(499): CodeIgniter\CodeIgniter->runController()
 8 SYSTEMPATH/CodeIgniter.php(368): CodeIgniter\CodeIgniter->handleRequest()
 9 FCPATH/index.php(67): CodeIgniter\CodeIgniter->run()
10 SYSTEMPATH/Commands/Server/rewrite.php(47): require_once('/home/shin/web-app/CI-Market/public/index.php')
