ERROR - 2023-05-24 01:48:58 --> Error connecting to the database: mysqli_sql_exception: No such file or directory in /home/shin/web-app/CI-Market/vendor/codeigniter4/framework/system/Database/MySQLi/Connection.php:173
Stack trace:
#0 /home/shin/web-app/CI-Market/vendor/codeigniter4/framework/system/Database/MySQLi/Connection.php(173): mysqli->real_connect()
#1 /home/shin/web-app/CI-Market/vendor/codeigniter4/framework/system/Database/BaseConnection.php(391): CodeIgniter\Database\MySQLi\Connection->connect()
#2 /home/shin/web-app/CI-Market/vendor/codeigniter4/framework/system/Database/BaseConnection.php(574): CodeIgniter\Database\BaseConnection->initialize()
#3 /home/shin/web-app/CI-Market/vendor/codeigniter4/framework/system/Database/BaseBuilder.php(1616): CodeIgniter\Database\BaseConnection->query()
#4 /home/shin/web-app/CI-Market/vendor/codeigniter4/settings/src/Handlers/DatabaseHandler.php(173): CodeIgniter\Database\BaseBuilder->get()
#5 /home/shin/web-app/CI-Market/vendor/codeigniter4/settings/src/Handlers/DatabaseHandler.php(51): CodeIgniter\Settings\Handlers\DatabaseHandler->hydrate()
#6 /home/shin/web-app/CI-Market/vendor/codeigniter4/settings/src/Settings.php(59): CodeIgniter\Settings\Handlers\DatabaseHandler->has()
#7 /home/shin/web-app/CI-Market/vendor/codeigniter4/settings/src/Helpers/setting_helper.php(24): CodeIgniter\Settings\Settings->get()
#8 /home/shin/web-app/CI-Market/vendor/codeigniter4/shield/src/Authentication/Authenticators/Session.php(689): setting()
#9 /home/shin/web-app/CI-Market/vendor/codeigniter4/shield/src/Authentication/Authenticators/Session.php(707): CodeIgniter\Shield\Authentication\Authenticators\Session->getSessionUserInfo()
#10 /home/shin/web-app/CI-Market/vendor/codeigniter4/shield/src/Authentication/Authenticators/Session.php(394): CodeIgniter\Shield\Authentication\Authenticators\Session->getSessionKey()
#11 /home/shin/web-app/CI-Market/vendor/codeigniter4/shield/src/Authentication/Authenticators/Session.php(378): CodeIgniter\Shield\Authentication\Authenticators\Session->checkUserState()
#12 /home/shin/web-app/CI-Market/vendor/codeigniter4/shield/src/Auth.php(164): CodeIgniter\Shield\Authentication\Authenticators\Session->loggedIn()
#13 /home/shin/web-app/CI-Market/vendor/codeigniter4/shield/src/Collectors/Auth.php(67): CodeIgniter\Shield\Auth->__call()
#14 /home/shin/web-app/CI-Market/vendor/codeigniter4/framework/system/Debug/Toolbar/Collectors/BaseCollector.php(222): CodeIgniter\Shield\Collectors\Auth->display()
#15 /home/shin/web-app/CI-Market/vendor/codeigniter4/framework/system/Debug/Toolbar.php(93): CodeIgniter\Debug\Toolbar\Collectors\BaseCollector->getAsArray()
#16 /home/shin/web-app/CI-Market/vendor/codeigniter4/framework/system/Debug/Toolbar.php(370): CodeIgniter\Debug\Toolbar->run()
#17 /home/shin/web-app/CI-Market/vendor/codeigniter4/framework/system/Filters/DebugToolbar.php(40): CodeIgniter\Debug\Toolbar->prepare()
#18 /home/shin/web-app/CI-Market/vendor/codeigniter4/framework/system/Filters/Filters.php(196): CodeIgniter\Filters\DebugToolbar->after()
#19 /home/shin/web-app/CI-Market/vendor/codeigniter4/framework/system/CodeIgniter.php(519): CodeIgniter\Filters\Filters->run()
#20 /home/shin/web-app/CI-Market/vendor/codeigniter4/framework/system/CodeIgniter.php(368): CodeIgniter\CodeIgniter->handleRequest()
#21 /home/shin/web-app/CI-Market/public/index.php(67): CodeIgniter\CodeIgniter->run()
#22 /home/shin/web-app/CI-Market/vendor/codeigniter4/framework/system/Commands/Server/rewrite.php(47): require_once('...')
#23 {main}

Next CodeIgniter\Database\Exceptions\DatabaseException: No such file or directory in /home/shin/web-app/CI-Market/vendor/codeigniter4/framework/system/Database/MySQLi/Connection.php:218
Stack trace:
#0 /home/shin/web-app/CI-Market/vendor/codeigniter4/framework/system/Database/BaseConnection.php(391): CodeIgniter\Database\MySQLi\Connection->connect()
#1 /home/shin/web-app/CI-Market/vendor/codeigniter4/framework/system/Database/BaseConnection.php(574): CodeIgniter\Database\BaseConnection->initialize()
#2 /home/shin/web-app/CI-Market/vendor/codeigniter4/framework/system/Database/BaseBuilder.php(1616): CodeIgniter\Database\BaseConnection->query()
#3 /home/shin/web-app/CI-Market/vendor/codeigniter4/settings/src/Handlers/DatabaseHandler.php(173): CodeIgniter\Database\BaseBuilder->get()
#4 /home/shin/web-app/CI-Market/vendor/codeigniter4/settings/src/Handlers/DatabaseHandler.php(51): CodeIgniter\Settings\Handlers\DatabaseHandler->hydrate()
#5 /home/shin/web-app/CI-Market/vendor/codeigniter4/settings/src/Settings.php(59): CodeIgniter\Settings\Handlers\DatabaseHandler->has()
#6 /home/shin/web-app/CI-Market/vendor/codeigniter4/settings/src/Helpers/setting_helper.php(24): CodeIgniter\Settings\Settings->get()
#7 /home/shin/web-app/CI-Market/vendor/codeigniter4/shield/src/Authentication/Authenticators/Session.php(689): setting()
#8 /home/shin/web-app/CI-Market/vendor/codeigniter4/shield/src/Authentication/Authenticators/Session.php(707): CodeIgniter\Shield\Authentication\Authenticators\Session->getSessionUserInfo()
#9 /home/shin/web-app/CI-Market/vendor/codeigniter4/shield/src/Authentication/Authenticators/Session.php(394): CodeIgniter\Shield\Authentication\Authenticators\Session->getSessionKey()
#10 /home/shin/web-app/CI-Market/vendor/codeigniter4/shield/src/Authentication/Authenticators/Session.php(378): CodeIgniter\Shield\Authentication\Authenticators\Session->checkUserState()
#11 /home/shin/web-app/CI-Market/vendor/codeigniter4/shield/src/Auth.php(164): CodeIgniter\Shield\Authentication\Authenticators\Session->loggedIn()
#12 /home/shin/web-app/CI-Market/vendor/codeigniter4/shield/src/Collectors/Auth.php(67): CodeIgniter\Shield\Auth->__call()
#13 /home/shin/web-app/CI-Market/vendor/codeigniter4/framework/system/Debug/Toolbar/Collectors/BaseCollector.php(222): CodeIgniter\Shield\Collectors\Auth->display()
#14 /home/shin/web-app/CI-Market/vendor/codeigniter4/framework/system/Debug/Toolbar.php(93): CodeIgniter\Debug\Toolbar\Collectors\BaseCollector->getAsArray()
#15 /home/shin/web-app/CI-Market/vendor/codeigniter4/framework/system/Debug/Toolbar.php(370): CodeIgniter\Debug\Toolbar->run()
#16 /home/shin/web-app/CI-Market/vendor/codeigniter4/framework/system/Filters/DebugToolbar.php(40): CodeIgniter\Debug\Toolbar->prepare()
#17 /home/shin/web-app/CI-Market/vendor/codeigniter4/framework/system/Filters/Filters.php(196): CodeIgniter\Filters\DebugToolbar->after()
#18 /home/shin/web-app/CI-Market/vendor/codeigniter4/framework/system/CodeIgniter.php(519): CodeIgniter\Filters\Filters->run()
#19 /home/shin/web-app/CI-Market/vendor/codeigniter4/framework/system/CodeIgniter.php(368): CodeIgniter\CodeIgniter->handleRequest()
#20 /home/shin/web-app/CI-Market/public/index.php(67): CodeIgniter\CodeIgniter->run()
#21 /home/shin/web-app/CI-Market/vendor/codeigniter4/framework/system/Commands/Server/rewrite.php(47): require_once('...')
#22 {main}
CRITICAL - 2023-05-24 01:48:58 --> Unable to connect to the database.
Main connection [MySQLi]: No such file or directory
in SYSTEMPATH/Database/BaseConnection.php on line 427.
 1 SYSTEMPATH/Database/BaseConnection.php(574): CodeIgniter\Database\BaseConnection->initialize()
 2 SYSTEMPATH/Database/BaseBuilder.php(1616): CodeIgniter\Database\BaseConnection->query()
 3 VENDORPATH/codeigniter4/settings/src/Handlers/DatabaseHandler.php(173): CodeIgniter\Database\BaseBuilder->get()
 4 VENDORPATH/codeigniter4/settings/src/Handlers/DatabaseHandler.php(51): CodeIgniter\Settings\Handlers\DatabaseHandler->hydrate()
 5 VENDORPATH/codeigniter4/settings/src/Settings.php(59): CodeIgniter\Settings\Handlers\DatabaseHandler->has()
 6 VENDORPATH/codeigniter4/settings/src/Helpers/setting_helper.php(24): CodeIgniter\Settings\Settings->get()
 7 VENDORPATH/codeigniter4/shield/src/Authentication/Authenticators/Session.php(689): setting()
 8 VENDORPATH/codeigniter4/shield/src/Authentication/Authenticators/Session.php(707): CodeIgniter\Shield\Authentication\Authenticators\Session->getSessionUserInfo()
 9 VENDORPATH/codeigniter4/shield/src/Authentication/Authenticators/Session.php(394): CodeIgniter\Shield\Authentication\Authenticators\Session->getSessionKey()
10 VENDORPATH/codeigniter4/shield/src/Authentication/Authenticators/Session.php(378): CodeIgniter\Shield\Authentication\Authenticators\Session->checkUserState()
11 VENDORPATH/codeigniter4/shield/src/Auth.php(164): CodeIgniter\Shield\Authentication\Authenticators\Session->loggedIn()
12 VENDORPATH/codeigniter4/shield/src/Collectors/Auth.php(67): CodeIgniter\Shield\Auth->__call()
13 SYSTEMPATH/Debug/Toolbar/Collectors/BaseCollector.php(222): CodeIgniter\Shield\Collectors\Auth->display()
14 SYSTEMPATH/Debug/Toolbar.php(93): CodeIgniter\Debug\Toolbar\Collectors\BaseCollector->getAsArray()
15 SYSTEMPATH/Debug/Toolbar.php(370): CodeIgniter\Debug\Toolbar->run()
16 SYSTEMPATH/Filters/DebugToolbar.php(40): CodeIgniter\Debug\Toolbar->prepare()
17 SYSTEMPATH/Filters/Filters.php(196): CodeIgniter\Filters\DebugToolbar->after()
18 SYSTEMPATH/CodeIgniter.php(519): CodeIgniter\Filters\Filters->run()
19 SYSTEMPATH/CodeIgniter.php(368): CodeIgniter\CodeIgniter->handleRequest()
20 FCPATH/index.php(67): CodeIgniter\CodeIgniter->run()
21 SYSTEMPATH/Commands/Server/rewrite.php(47): require_once('/home/shin/web-app/CI-Market/public/index.php')
INFO - 2023-05-24 01:52:55 --> Session: Class initialized using 'CodeIgniter\Session\Handlers\FileHandler' driver.
INFO - 2023-05-24 01:52:55 --> Session: Class initialized using 'CodeIgniter\Session\Handlers\FileHandler' driver.
INFO - 2023-05-24 01:52:58 --> Session: Class initialized using 'CodeIgniter\Session\Handlers\FileHandler' driver.
INFO - 2023-05-24 01:52:59 --> Session: Class initialized using 'CodeIgniter\Session\Handlers\FileHandler' driver.
INFO - 2023-05-24 01:54:29 --> Session: Class initialized using 'CodeIgniter\Session\Handlers\FileHandler' driver.
INFO - 2023-05-24 01:54:29 --> Session: Class initialized using 'CodeIgniter\Session\Handlers\FileHandler' driver.
INFO - 2023-05-24 01:54:53 --> Session: Class initialized using 'CodeIgniter\Session\Handlers\FileHandler' driver.
CRITICAL - 2023-05-24 01:54:53 --> CodeIgniter\Shield\Controllers\RegisterController::getUserProvider(): Return value must be of type CodeIgniter\Shield\Models\UserModel, App\Models\UserModel returned
in VENDORPATH/codeigniter4/shield/src/Controllers/RegisterController.php on line 161.
 1 VENDORPATH/codeigniter4/shield/src/Controllers/RegisterController.php(97): CodeIgniter\Shield\Controllers\RegisterController->getUserProvider()
 2 SYSTEMPATH/CodeIgniter.php(934): CodeIgniter\Shield\Controllers\RegisterController->registerAction()
 3 SYSTEMPATH/CodeIgniter.php(499): CodeIgniter\CodeIgniter->runController()
 4 SYSTEMPATH/CodeIgniter.php(368): CodeIgniter\CodeIgniter->handleRequest()
 5 FCPATH/index.php(67): CodeIgniter\CodeIgniter->run()
 6 SYSTEMPATH/Commands/Server/rewrite.php(47): require_once('/home/shin/web-app/CI-Market/public/index.php')
INFO - 2023-05-24 01:59:06 --> Session: Class initialized using 'CodeIgniter\Session\Handlers\FileHandler' driver.
INFO - 2023-05-24 01:59:06 --> Session: Class initialized using 'CodeIgniter\Session\Handlers\FileHandler' driver.
INFO - 2023-05-24 01:59:07 --> Session: Class initialized using 'CodeIgniter\Session\Handlers\FileHandler' driver.
INFO - 2023-05-24 01:59:21 --> Session: Class initialized using 'CodeIgniter\Session\Handlers\FileHandler' driver.
INFO - 2023-05-24 01:59:21 --> Session: Class initialized using 'CodeIgniter\Session\Handlers\FileHandler' driver.
INFO - 2023-05-24 01:59:21 --> Session: Class initialized using 'CodeIgniter\Session\Handlers\FileHandler' driver.
INFO - 2023-05-24 01:59:40 --> Session: Class initialized using 'CodeIgniter\Session\Handlers\FileHandler' driver.
INFO - 2023-05-24 01:59:41 --> Session: Class initialized using 'CodeIgniter\Session\Handlers\FileHandler' driver.
INFO - 2023-05-24 01:59:41 --> Session: Class initialized using 'CodeIgniter\Session\Handlers\FileHandler' driver.
INFO - 2023-05-24 02:00:20 --> Session: Class initialized using 'CodeIgniter\Session\Handlers\FileHandler' driver.
INFO - 2023-05-24 02:00:20 --> Session: Class initialized using 'CodeIgniter\Session\Handlers\FileHandler' driver.
INFO - 2023-05-24 02:00:20 --> Session: Class initialized using 'CodeIgniter\Session\Handlers\FileHandler' driver.
INFO - 2023-05-24 04:50:11 --> Session: Class initialized using 'CodeIgniter\Session\Handlers\FileHandler' driver.
INFO - 2023-05-24 04:50:12 --> Session: Class initialized using 'CodeIgniter\Session\Handlers\FileHandler' driver.
CRITICAL - 2023-05-24 04:50:15 --> Constant expression contains invalid operations
in APPPATH/Controllers/Product.php on line 9.
 1 [internal function]: CodeIgniter\Debug\Exceptions->shutdownHandler()
CRITICAL - 2023-05-24 04:50:24 --> Constant expression contains invalid operations
in APPPATH/Controllers/Product.php on line 9.
 1 [internal function]: CodeIgniter\Debug\Exceptions->shutdownHandler()
CRITICAL - 2023-05-24 04:50:26 --> Constant expression contains invalid operations
in APPPATH/Controllers/Product.php on line 9.
 1 [internal function]: CodeIgniter\Debug\Exceptions->shutdownHandler()
CRITICAL - 2023-05-24 04:50:37 --> Constant expression contains invalid operations
in APPPATH/Controllers/Product.php on line 9.
 1 [internal function]: CodeIgniter\Debug\Exceptions->shutdownHandler()
INFO - 2023-05-24 04:50:57 --> Session: Class initialized using 'CodeIgniter\Session\Handlers\FileHandler' driver.
INFO - 2023-05-24 04:50:57 --> Session: Class initialized using 'CodeIgniter\Session\Handlers\FileHandler' driver.
INFO - 2023-05-24 04:53:10 --> Session: Class initialized using 'CodeIgniter\Session\Handlers\FileHandler' driver.
INFO - 2023-05-24 04:53:11 --> Session: Class initialized using 'CodeIgniter\Session\Handlers\FileHandler' driver.
INFO - 2023-05-24 04:53:21 --> Session: Class initialized using 'CodeIgniter\Session\Handlers\FileHandler' driver.
INFO - 2023-05-24 04:53:22 --> Session: Class initialized using 'CodeIgniter\Session\Handlers\FileHandler' driver.
INFO - 2023-05-24 04:53:37 --> Session: Class initialized using 'CodeIgniter\Session\Handlers\FileHandler' driver.
INFO - 2023-05-24 04:53:37 --> Session: Class initialized using 'CodeIgniter\Session\Handlers\FileHandler' driver.
INFO - 2023-05-24 04:53:38 --> Session: Class initialized using 'CodeIgniter\Session\Handlers\FileHandler' driver.
INFO - 2023-05-24 04:53:42 --> Session: Class initialized using 'CodeIgniter\Session\Handlers\FileHandler' driver.
INFO - 2023-05-24 04:53:43 --> Session: Class initialized using 'CodeIgniter\Session\Handlers\FileHandler' driver.
INFO - 2023-05-24 04:53:43 --> Session: Class initialized using 'CodeIgniter\Session\Handlers\FileHandler' driver.
INFO - 2023-05-24 04:53:46 --> Session: Class initialized using 'CodeIgniter\Session\Handlers\FileHandler' driver.
INFO - 2023-05-24 04:53:46 --> Session: Class initialized using 'CodeIgniter\Session\Handlers\FileHandler' driver.
INFO - 2023-05-24 04:53:46 --> Session: Class initialized using 'CodeIgniter\Session\Handlers\FileHandler' driver.
INFO - 2023-05-24 04:53:53 --> Session: Class initialized using 'CodeIgniter\Session\Handlers\FileHandler' driver.
INFO - 2023-05-24 04:53:53 --> Session: Class initialized using 'CodeIgniter\Session\Handlers\FileHandler' driver.
INFO - 2023-05-24 04:54:27 --> Session: Class initialized using 'CodeIgniter\Session\Handlers\FileHandler' driver.
INFO - 2023-05-24 04:54:28 --> Session: Class initialized using 'CodeIgniter\Session\Handlers\FileHandler' driver.
INFO - 2023-05-24 04:54:39 --> Session: Class initialized using 'CodeIgniter\Session\Handlers\FileHandler' driver.
INFO - 2023-05-24 04:54:39 --> Session: Class initialized using 'CodeIgniter\Session\Handlers\FileHandler' driver.
INFO - 2023-05-24 04:54:44 --> Session: Class initialized using 'CodeIgniter\Session\Handlers\FileHandler' driver.
INFO - 2023-05-24 04:54:44 --> Session: Class initialized using 'CodeIgniter\Session\Handlers\FileHandler' driver.
INFO - 2023-05-24 04:54:47 --> Session: Class initialized using 'CodeIgniter\Session\Handlers\FileHandler' driver.
INFO - 2023-05-24 04:54:47 --> Session: Class initialized using 'CodeIgniter\Session\Handlers\FileHandler' driver.
INFO - 2023-05-24 04:55:20 --> Session: Class initialized using 'CodeIgniter\Session\Handlers\FileHandler' driver.
INFO - 2023-05-24 04:55:20 --> Session: Class initialized using 'CodeIgniter\Session\Handlers\FileHandler' driver.
INFO - 2023-05-24 04:56:25 --> Session: Class initialized using 'CodeIgniter\Session\Handlers\FileHandler' driver.
INFO - 2023-05-24 04:56:25 --> Session: Class initialized using 'CodeIgniter\Session\Handlers\FileHandler' driver.
INFO - 2023-05-24 04:56:27 --> Session: Class initialized using 'CodeIgniter\Session\Handlers\FileHandler' driver.
INFO - 2023-05-24 04:56:27 --> Session: Class initialized using 'CodeIgniter\Session\Handlers\FileHandler' driver.
INFO - 2023-05-24 04:56:27 --> Session: Class initialized using 'CodeIgniter\Session\Handlers\FileHandler' driver.
INFO - 2023-05-24 04:56:28 --> Session: Class initialized using 'CodeIgniter\Session\Handlers\FileHandler' driver.
INFO - 2023-05-24 04:56:28 --> Session: Class initialized using 'CodeIgniter\Session\Handlers\FileHandler' driver.
INFO - 2023-05-24 04:56:28 --> Session: Class initialized using 'CodeIgniter\Session\Handlers\FileHandler' driver.
INFO - 2023-05-24 04:56:29 --> Session: Class initialized using 'CodeIgniter\Session\Handlers\FileHandler' driver.
INFO - 2023-05-24 04:56:29 --> Session: Class initialized using 'CodeIgniter\Session\Handlers\FileHandler' driver.
INFO - 2023-05-24 04:58:16 --> Session: Class initialized using 'CodeIgniter\Session\Handlers\FileHandler' driver.
INFO - 2023-05-24 04:58:16 --> Session: Class initialized using 'CodeIgniter\Session\Handlers\FileHandler' driver.
INFO - 2023-05-24 05:00:17 --> Session: Class initialized using 'CodeIgniter\Session\Handlers\FileHandler' driver.
INFO - 2023-05-24 05:00:18 --> Session: Class initialized using 'CodeIgniter\Session\Handlers\FileHandler' driver.
INFO - 2023-05-24 05:00:24 --> Session: Class initialized using 'CodeIgniter\Session\Handlers\FileHandler' driver.
INFO - 2023-05-24 05:00:24 --> Session: Class initialized using 'CodeIgniter\Session\Handlers\FileHandler' driver.
INFO - 2023-05-24 05:00:25 --> Session: Class initialized using 'CodeIgniter\Session\Handlers\FileHandler' driver.
INFO - 2023-05-24 05:00:34 --> Session: Class initialized using 'CodeIgniter\Session\Handlers\FileHandler' driver.
CRITICAL - 2023-05-24 05:00:34 --> Call to a member function inGroup() on null
in APPPATH/Controllers/Product.php on line 17.
 1 SYSTEMPATH/CodeIgniter.php(934): App\Controllers\Product->index()
 2 SYSTEMPATH/CodeIgniter.php(499): CodeIgniter\CodeIgniter->runController()
 3 SYSTEMPATH/CodeIgniter.php(368): CodeIgniter\CodeIgniter->handleRequest()
 4 FCPATH/index.php(67): CodeIgniter\CodeIgniter->run()
 5 SYSTEMPATH/Commands/Server/rewrite.php(47): require_once('/home/shin/web-app/CI-Market/public/index.php')
INFO - 2023-05-24 05:01:08 --> Session: Class initialized using 'CodeIgniter\Session\Handlers\FileHandler' driver.
INFO - 2023-05-24 05:01:08 --> Session: Class initialized using 'CodeIgniter\Session\Handlers\FileHandler' driver.
INFO - 2023-05-24 05:01:10 --> Session: Class initialized using 'CodeIgniter\Session\Handlers\FileHandler' driver.
CRITICAL - 2023-05-24 05:01:10 --> Call to a member function inGroup() on null
in APPPATH/Controllers/Product.php on line 23.
 1 SYSTEMPATH/CodeIgniter.php(934): App\Controllers\Product->create()
 2 SYSTEMPATH/CodeIgniter.php(499): CodeIgniter\CodeIgniter->runController()
 3 SYSTEMPATH/CodeIgniter.php(368): CodeIgniter\CodeIgniter->handleRequest()
 4 FCPATH/index.php(67): CodeIgniter\CodeIgniter->run()
 5 SYSTEMPATH/Commands/Server/rewrite.php(47): require_once('/home/shin/web-app/CI-Market/public/index.php')
INFO - 2023-05-24 05:01:25 --> Session: Class initialized using 'CodeIgniter\Session\Handlers\FileHandler' driver.
INFO - 2023-05-24 05:01:25 --> Session: Class initialized using 'CodeIgniter\Session\Handlers\FileHandler' driver.
INFO - 2023-05-24 05:01:52 --> Session: Class initialized using 'CodeIgniter\Session\Handlers\FileHandler' driver.
INFO - 2023-05-24 05:01:52 --> Session: Class initialized using 'CodeIgniter\Session\Handlers\FileHandler' driver.
INFO - 2023-05-24 05:01:53 --> Session: Class initialized using 'CodeIgniter\Session\Handlers\FileHandler' driver.
INFO - 2023-05-24 05:01:53 --> Session: Class initialized using 'CodeIgniter\Session\Handlers\FileHandler' driver.
INFO - 2023-05-24 05:02:05 --> Session: Class initialized using 'CodeIgniter\Session\Handlers\FileHandler' driver.
INFO - 2023-05-24 05:02:05 --> Session: Class initialized using 'CodeIgniter\Session\Handlers\FileHandler' driver.
INFO - 2023-05-24 05:02:22 --> Session: Class initialized using 'CodeIgniter\Session\Handlers\FileHandler' driver.
INFO - 2023-05-24 05:02:22 --> Session: Class initialized using 'CodeIgniter\Session\Handlers\FileHandler' driver.
INFO - 2023-05-24 05:02:48 --> Session: Class initialized using 'CodeIgniter\Session\Handlers\FileHandler' driver.
INFO - 2023-05-24 05:02:48 --> Session: Class initialized using 'CodeIgniter\Session\Handlers\FileHandler' driver.
INFO - 2023-05-24 05:02:49 --> Session: Class initialized using 'CodeIgniter\Session\Handlers\FileHandler' driver.
INFO - 2023-05-24 05:04:38 --> Session: Class initialized using 'CodeIgniter\Session\Handlers\FileHandler' driver.
INFO - 2023-05-24 05:04:49 --> Session: Class initialized using 'CodeIgniter\Session\Handlers\FileHandler' driver.
INFO - 2023-05-24 05:04:49 --> Session: Class initialized using 'CodeIgniter\Session\Handlers\FileHandler' driver.
INFO - 2023-05-24 05:04:49 --> Session: Class initialized using 'CodeIgniter\Session\Handlers\FileHandler' driver.
INFO - 2023-05-24 05:07:08 --> Session: Class initialized using 'CodeIgniter\Session\Handlers\FileHandler' driver.
INFO - 2023-05-24 05:07:08 --> Session: Class initialized using 'CodeIgniter\Session\Handlers\FileHandler' driver.
INFO - 2023-05-24 05:07:11 --> Session: Class initialized using 'CodeIgniter\Session\Handlers\FileHandler' driver.
INFO - 2023-05-24 05:07:12 --> Session: Class initialized using 'CodeIgniter\Session\Handlers\FileHandler' driver.
INFO - 2023-05-24 05:07:15 --> Session: Class initialized using 'CodeIgniter\Session\Handlers\FileHandler' driver.
INFO - 2023-05-24 05:07:15 --> Session: Class initialized using 'CodeIgniter\Session\Handlers\FileHandler' driver.
INFO - 2023-05-24 05:07:15 --> Session: Class initialized using 'CodeIgniter\Session\Handlers\FileHandler' driver.
INFO - 2023-05-24 05:24:08 --> Session: Class initialized using 'CodeIgniter\Session\Handlers\FileHandler' driver.
INFO - 2023-05-24 05:24:08 --> Session: Class initialized using 'CodeIgniter\Session\Handlers\FileHandler' driver.
INFO - 2023-05-24 05:24:10 --> Session: Class initialized using 'CodeIgniter\Session\Handlers\FileHandler' driver.
INFO - 2023-05-24 05:24:11 --> Session: Class initialized using 'CodeIgniter\Session\Handlers\FileHandler' driver.
INFO - 2023-05-24 05:24:22 --> Session: Class initialized using 'CodeIgniter\Session\Handlers\FileHandler' driver.
INFO - 2023-05-24 05:24:22 --> Session: Class initialized using 'CodeIgniter\Session\Handlers\FileHandler' driver.
ERROR - 2023-05-24 05:24:26 --> Email: Unable to send email using PHP mail(). Your server might not be configured to send mail using this method.
ERROR - 2023-05-24 05:24:26 --> 
ERROR - 2023-05-24 05:24:26 --> Unable to send email using PHP mail(). Your server might not be configured to send mail using this method.<br><pre>Date: Wed, 24 May 2023 05:24:26 +0000
From: &lt;&gt;
Return-Path: &lt;&gt;
Reply-To: &lt;&gt;
User-Agent: CodeIgniter
X-Mailer: CodeIgniter
X-Priority: 3 (Normal)
Message-ID: &lt;646d9f8a5c2c32.33526047&gt;
Mime-Version: 1.0
Content-Type: text/plain; charset=UTF-8
Content-Transfer-Encoding: 8bit
</pre>
INFO - 2023-05-24 05:24:26 --> Session: Class initialized using 'CodeIgniter\Session\Handlers\FileHandler' driver.
INFO - 2023-05-24 05:24:26 --> Session: Class initialized using 'CodeIgniter\Session\Handlers\FileHandler' driver.
INFO - 2023-05-24 05:24:26 --> Session: Class initialized using 'CodeIgniter\Session\Handlers\FileHandler' driver.
INFO - 2023-05-24 05:24:36 --> Session: Class initialized using 'CodeIgniter\Session\Handlers\FileHandler' driver.
INFO - 2023-05-24 05:24:36 --> Session: Class initialized using 'CodeIgniter\Session\Handlers\FileHandler' driver.
INFO - 2023-05-24 05:24:36 --> Session: Class initialized using 'CodeIgniter\Session\Handlers\FileHandler' driver.
INFO - 2023-05-24 05:24:39 --> Session: Class initialized using 'CodeIgniter\Session\Handlers\FileHandler' driver.
INFO - 2023-05-24 05:24:40 --> Session: Class initialized using 'CodeIgniter\Session\Handlers\FileHandler' driver.
INFO - 2023-05-24 05:24:45 --> Session: Class initialized using 'CodeIgniter\Session\Handlers\FileHandler' driver.
INFO - 2023-05-24 05:24:46 --> Session: Class initialized using 'CodeIgniter\Session\Handlers\FileHandler' driver.
INFO - 2023-05-24 05:24:59 --> Session: Class initialized using 'CodeIgniter\Session\Handlers\FileHandler' driver.
INFO - 2023-05-24 05:25:00 --> Session: Class initialized using 'CodeIgniter\Session\Handlers\FileHandler' driver.
INFO - 2023-05-24 05:25:00 --> Session: Class initialized using 'CodeIgniter\Session\Handlers\FileHandler' driver.
INFO - 2023-05-24 05:25:06 --> Session: Class initialized using 'CodeIgniter\Session\Handlers\FileHandler' driver.
INFO - 2023-05-24 05:25:07 --> Session: Class initialized using 'CodeIgniter\Session\Handlers\FileHandler' driver.
INFO - 2023-05-24 05:25:07 --> Session: Class initialized using 'CodeIgniter\Session\Handlers\FileHandler' driver.
INFO - 2023-05-24 05:25:21 --> Session: Class initialized using 'CodeIgniter\Session\Handlers\FileHandler' driver.
INFO - 2023-05-24 05:25:21 --> Session: Class initialized using 'CodeIgniter\Session\Handlers\FileHandler' driver.
ERROR - 2023-05-24 05:25:24 --> Email: Unable to send email using PHP mail(). Your server might not be configured to send mail using this method.
ERROR - 2023-05-24 05:25:24 --> 
ERROR - 2023-05-24 05:25:24 --> Unable to send email using PHP mail(). Your server might not be configured to send mail using this method.<br><pre>Date: Wed, 24 May 2023 05:25:24 +0000
From: &lt;&gt;
Return-Path: &lt;&gt;
Reply-To: &lt;&gt;
User-Agent: CodeIgniter
X-Mailer: CodeIgniter
X-Priority: 3 (Normal)
Message-ID: &lt;646d9fc4dcacd1.30774743&gt;
Mime-Version: 1.0
Content-Type: text/plain; charset=UTF-8
Content-Transfer-Encoding: 8bit
</pre>
INFO - 2023-05-24 05:25:24 --> Session: Class initialized using 'CodeIgniter\Session\Handlers\FileHandler' driver.
INFO - 2023-05-24 05:25:24 --> Session: Class initialized using 'CodeIgniter\Session\Handlers\FileHandler' driver.
INFO - 2023-05-24 05:25:25 --> Session: Class initialized using 'CodeIgniter\Session\Handlers\FileHandler' driver.
INFO - 2023-05-24 05:25:30 --> Session: Class initialized using 'CodeIgniter\Session\Handlers\FileHandler' driver.
INFO - 2023-05-24 05:25:30 --> Session: Class initialized using 'CodeIgniter\Session\Handlers\FileHandler' driver.
CRITICAL - 2023-05-24 05:26:33 --> Invalid file: "admin/index.php"
in SYSTEMPATH/Exceptions/FrameworkException.php on line 33.
 1 SYSTEMPATH/View/View.php(201): CodeIgniter\Exceptions\FrameworkException::forInvalidFile()
 2 SYSTEMPATH/Common.php(1184): CodeIgniter\View\View->render()
 3 APPPATH/Controllers/Admin.php(11): view()
 4 SYSTEMPATH/CodeIgniter.php(934): App\Controllers\Admin->index()
 5 SYSTEMPATH/CodeIgniter.php(499): CodeIgniter\CodeIgniter->runController()
 6 SYSTEMPATH/CodeIgniter.php(368): CodeIgniter\CodeIgniter->handleRequest()
 7 FCPATH/index.php(67): CodeIgniter\CodeIgniter->run()
 8 SYSTEMPATH/Commands/Server/rewrite.php(47): require_once('/home/shin/web-app/CI-Market/public/index.php')
INFO - 2023-05-24 05:27:02 --> Session: Class initialized using 'CodeIgniter\Session\Handlers\FileHandler' driver.
INFO - 2023-05-24 05:27:02 --> Session: Class initialized using 'CodeIgniter\Session\Handlers\FileHandler' driver.
INFO - 2023-05-24 05:27:51 --> Session: Class initialized using 'CodeIgniter\Session\Handlers\FileHandler' driver.
CRITICAL - 2023-05-24 05:27:51 --> Call to a member function addGroup() on null
in APPPATH/Controllers/Admin.php on line 11.
 1 SYSTEMPATH/CodeIgniter.php(934): App\Controllers\Admin->index()
 2 SYSTEMPATH/CodeIgniter.php(499): CodeIgniter\CodeIgniter->runController()
 3 SYSTEMPATH/CodeIgniter.php(368): CodeIgniter\CodeIgniter->handleRequest()
 4 FCPATH/index.php(67): CodeIgniter\CodeIgniter->run()
 5 SYSTEMPATH/Commands/Server/rewrite.php(47): require_once('/home/shin/web-app/CI-Market/public/index.php')
INFO - 2023-05-24 05:27:57 --> Session: Class initialized using 'CodeIgniter\Session\Handlers\FileHandler' driver.
INFO - 2023-05-24 05:27:57 --> Session: Class initialized using 'CodeIgniter\Session\Handlers\FileHandler' driver.
INFO - 2023-05-24 05:28:06 --> Session: Class initialized using 'CodeIgniter\Session\Handlers\FileHandler' driver.
INFO - 2023-05-24 05:28:06 --> Session: Class initialized using 'CodeIgniter\Session\Handlers\FileHandler' driver.
INFO - 2023-05-24 05:28:07 --> Session: Class initialized using 'CodeIgniter\Session\Handlers\FileHandler' driver.
INFO - 2023-05-24 05:28:10 --> Session: Class initialized using 'CodeIgniter\Session\Handlers\FileHandler' driver.
INFO - 2023-05-24 05:28:10 --> Session: Class initialized using 'CodeIgniter\Session\Handlers\FileHandler' driver.
INFO - 2023-05-24 05:28:10 --> Session: Class initialized using 'CodeIgniter\Session\Handlers\FileHandler' driver.
INFO - 2023-05-24 05:28:14 --> Session: Class initialized using 'CodeIgniter\Session\Handlers\FileHandler' driver.
INFO - 2023-05-24 05:28:15 --> Session: Class initialized using 'CodeIgniter\Session\Handlers\FileHandler' driver.
INFO - 2023-05-24 05:29:01 --> Session: Class initialized using 'CodeIgniter\Session\Handlers\FileHandler' driver.
INFO - 2023-05-24 05:29:01 --> Session: Class initialized using 'CodeIgniter\Session\Handlers\FileHandler' driver.
INFO - 2023-05-24 05:29:15 --> Session: Class initialized using 'CodeIgniter\Session\Handlers\FileHandler' driver.
INFO - 2023-05-24 05:29:15 --> Session: Class initialized using 'CodeIgniter\Session\Handlers\FileHandler' driver.
INFO - 2023-05-24 06:12:45 --> Session: Class initialized using 'CodeIgniter\Session\Handlers\FileHandler' driver.
INFO - 2023-05-24 06:12:45 --> Session: Class initialized using 'CodeIgniter\Session\Handlers\FileHandler' driver.
INFO - 2023-05-24 06:12:54 --> Session: Class initialized using 'CodeIgniter\Session\Handlers\FileHandler' driver.
INFO - 2023-05-24 06:12:54 --> Session: Class initialized using 'CodeIgniter\Session\Handlers\FileHandler' driver.
INFO - 2023-05-24 06:13:22 --> Session: Class initialized using 'CodeIgniter\Session\Handlers\FileHandler' driver.
INFO - 2023-05-24 06:13:22 --> Session: Class initialized using 'CodeIgniter\Session\Handlers\FileHandler' driver.
INFO - 2023-05-24 06:14:03 --> Session: Class initialized using 'CodeIgniter\Session\Handlers\FileHandler' driver.
INFO - 2023-05-24 06:14:03 --> Session: Class initialized using 'CodeIgniter\Session\Handlers\FileHandler' driver.
INFO - 2023-05-24 06:14:10 --> Session: Class initialized using 'CodeIgniter\Session\Handlers\FileHandler' driver.
INFO - 2023-05-24 06:14:10 --> Session: Class initialized using 'CodeIgniter\Session\Handlers\FileHandler' driver.
INFO - 2023-05-24 06:15:37 --> Session: Class initialized using 'CodeIgniter\Session\Handlers\FileHandler' driver.
INFO - 2023-05-24 06:15:37 --> Session: Class initialized using 'CodeIgniter\Session\Handlers\FileHandler' driver.
INFO - 2023-05-24 06:15:46 --> Session: Class initialized using 'CodeIgniter\Session\Handlers\FileHandler' driver.
INFO - 2023-05-24 06:15:46 --> Session: Class initialized using 'CodeIgniter\Session\Handlers\FileHandler' driver.
INFO - 2023-05-24 06:15:53 --> Session: Class initialized using 'CodeIgniter\Session\Handlers\FileHandler' driver.
INFO - 2023-05-24 06:15:53 --> Session: Class initialized using 'CodeIgniter\Session\Handlers\FileHandler' driver.
INFO - 2023-05-24 06:16:01 --> Session: Class initialized using 'CodeIgniter\Session\Handlers\FileHandler' driver.
INFO - 2023-05-24 06:16:01 --> Session: Class initialized using 'CodeIgniter\Session\Handlers\FileHandler' driver.
INFO - 2023-05-24 06:16:09 --> Session: Class initialized using 'CodeIgniter\Session\Handlers\FileHandler' driver.
INFO - 2023-05-24 06:16:09 --> Session: Class initialized using 'CodeIgniter\Session\Handlers\FileHandler' driver.
INFO - 2023-05-24 06:16:10 --> Session: Class initialized using 'CodeIgniter\Session\Handlers\FileHandler' driver.
INFO - 2023-05-24 06:16:10 --> Session: Class initialized using 'CodeIgniter\Session\Handlers\FileHandler' driver.
INFO - 2023-05-24 06:16:53 --> Session: Class initialized using 'CodeIgniter\Session\Handlers\FileHandler' driver.
INFO - 2023-05-24 06:16:54 --> Session: Class initialized using 'CodeIgniter\Session\Handlers\FileHandler' driver.
INFO - 2023-05-24 06:17:08 --> Session: Class initialized using 'CodeIgniter\Session\Handlers\FileHandler' driver.
INFO - 2023-05-24 06:17:09 --> Session: Class initialized using 'CodeIgniter\Session\Handlers\FileHandler' driver.
INFO - 2023-05-24 06:17:17 --> Session: Class initialized using 'CodeIgniter\Session\Handlers\FileHandler' driver.
INFO - 2023-05-24 06:17:17 --> Session: Class initialized using 'CodeIgniter\Session\Handlers\FileHandler' driver.
INFO - 2023-05-24 06:17:18 --> Session: Class initialized using 'CodeIgniter\Session\Handlers\FileHandler' driver.
INFO - 2023-05-24 06:17:27 --> Session: Class initialized using 'CodeIgniter\Session\Handlers\FileHandler' driver.
INFO - 2023-05-24 06:17:27 --> Session: Class initialized using 'CodeIgniter\Session\Handlers\FileHandler' driver.
INFO - 2023-05-24 06:17:28 --> Session: Class initialized using 'CodeIgniter\Session\Handlers\FileHandler' driver.
INFO - 2023-05-24 06:17:33 --> Session: Class initialized using 'CodeIgniter\Session\Handlers\FileHandler' driver.
INFO - 2023-05-24 06:17:33 --> Session: Class initialized using 'CodeIgniter\Session\Handlers\FileHandler' driver.
INFO - 2023-05-24 06:17:33 --> Session: Class initialized using 'CodeIgniter\Session\Handlers\FileHandler' driver.
INFO - 2023-05-24 06:17:37 --> Session: Class initialized using 'CodeIgniter\Session\Handlers\FileHandler' driver.
INFO - 2023-05-24 06:17:37 --> Session: Class initialized using 'CodeIgniter\Session\Handlers\FileHandler' driver.
INFO - 2023-05-24 06:17:58 --> Session: Class initialized using 'CodeIgniter\Session\Handlers\FileHandler' driver.
INFO - 2023-05-24 06:17:58 --> Session: Class initialized using 'CodeIgniter\Session\Handlers\FileHandler' driver.
INFO - 2023-05-24 06:17:59 --> Session: Class initialized using 'CodeIgniter\Session\Handlers\FileHandler' driver.
INFO - 2023-05-24 06:17:59 --> Session: Class initialized using 'CodeIgniter\Session\Handlers\FileHandler' driver.
INFO - 2023-05-24 06:31:24 --> Session: Class initialized using 'CodeIgniter\Session\Handlers\FileHandler' driver.
INFO - 2023-05-24 06:31:25 --> Session: Class initialized using 'CodeIgniter\Session\Handlers\FileHandler' driver.
INFO - 2023-05-24 08:14:15 --> Session: Class initialized using 'CodeIgniter\Session\Handlers\FileHandler' driver.
INFO - 2023-05-24 08:14:15 --> Session: Class initialized using 'CodeIgniter\Session\Handlers\FileHandler' driver.
CRITICAL - 2023-05-24 08:35:52 --> syntax error, unexpected token "}"
in APPPATH/Config/Routes.php on line 42.
 1 SYSTEMPATH/CodeIgniter.php(802): CodeIgniter\Router\RouteCollection->loadRoutes()
 2 SYSTEMPATH/CodeIgniter.php(449): CodeIgniter\CodeIgniter->tryToRouteIt()
 3 SYSTEMPATH/CodeIgniter.php(368): CodeIgniter\CodeIgniter->handleRequest()
 4 FCPATH/index.php(67): CodeIgniter\CodeIgniter->run()
 5 SYSTEMPATH/Commands/Server/rewrite.php(47): require_once('/home/shin/web-app/CI-Market/public/index.php')
CRITICAL - 2023-05-24 08:36:02 --> syntax error, unexpected token "}"
in APPPATH/Controllers/Admin.php on line 16.
 1 SYSTEMPATH/Autoloader/Autoloader.php(289): CodeIgniter\Autoloader\Autoloader->includeFile()
 2 SYSTEMPATH/Autoloader/Autoloader.php(267): CodeIgniter\Autoloader\Autoloader->loadInNamespace()
 3 [internal function]: CodeIgniter\Autoloader\Autoloader->loadClass()
 4 SYSTEMPATH/CodeIgniter.php(892): class_exists()
 5 SYSTEMPATH/CodeIgniter.php(486): CodeIgniter\CodeIgniter->startController()
 6 SYSTEMPATH/CodeIgniter.php(368): CodeIgniter\CodeIgniter->handleRequest()
 7 FCPATH/index.php(67): CodeIgniter\CodeIgniter->run()
 8 SYSTEMPATH/Commands/Server/rewrite.php(47): require_once('/home/shin/web-app/CI-Market/public/index.php')
INFO - 2023-05-24 08:36:11 --> Session: Class initialized using 'CodeIgniter\Session\Handlers\FileHandler' driver.
INFO - 2023-05-24 08:36:11 --> Session: Class initialized using 'CodeIgniter\Session\Handlers\FileHandler' driver.
INFO - 2023-05-24 08:38:18 --> Session: Class initialized using 'CodeIgniter\Session\Handlers\FileHandler' driver.
INFO - 2023-05-24 08:38:18 --> Session: Class initialized using 'CodeIgniter\Session\Handlers\FileHandler' driver.
INFO - 2023-05-24 08:38:18 --> Session: Class initialized using 'CodeIgniter\Session\Handlers\FileHandler' driver.
INFO - 2023-05-24 08:38:29 --> Session: Class initialized using 'CodeIgniter\Session\Handlers\FileHandler' driver.
INFO - 2023-05-24 08:38:30 --> Session: Class initialized using 'CodeIgniter\Session\Handlers\FileHandler' driver.
INFO - 2023-05-24 08:38:30 --> Session: Class initialized using 'CodeIgniter\Session\Handlers\FileHandler' driver.
INFO - 2023-05-24 08:41:14 --> Session: Class initialized using 'CodeIgniter\Session\Handlers\FileHandler' driver.
CRITICAL - 2023-05-24 08:41:14 --> Call to a member function can() on null
in APPPATH/Controllers/Admin.php on line 11.
 1 SYSTEMPATH/CodeIgniter.php(934): App\Controllers\Admin->index()
 2 SYSTEMPATH/CodeIgniter.php(499): CodeIgniter\CodeIgniter->runController()
 3 SYSTEMPATH/CodeIgniter.php(368): CodeIgniter\CodeIgniter->handleRequest()
 4 FCPATH/index.php(67): CodeIgniter\CodeIgniter->run()
 5 SYSTEMPATH/Commands/Server/rewrite.php(47): require_once('/home/shin/web-app/CI-Market/public/index.php')
ERROR - 2023-05-24 23:48:19 --> Error connecting to the database: mysqli_sql_exception: No such file or directory in /home/shin/web-app/CI-Market/vendor/codeigniter4/framework/system/Database/MySQLi/Connection.php:173
Stack trace:
#0 /home/shin/web-app/CI-Market/vendor/codeigniter4/framework/system/Database/MySQLi/Connection.php(173): mysqli->real_connect()
#1 /home/shin/web-app/CI-Market/vendor/codeigniter4/framework/system/Database/BaseConnection.php(391): CodeIgniter\Database\MySQLi\Connection->connect()
#2 /home/shin/web-app/CI-Market/vendor/codeigniter4/framework/system/Database/BaseConnection.php(574): CodeIgniter\Database\BaseConnection->initialize()
#3 /home/shin/web-app/CI-Market/vendor/codeigniter4/framework/system/Database/BaseBuilder.php(1616): CodeIgniter\Database\BaseConnection->query()
#4 /home/shin/web-app/CI-Market/vendor/codeigniter4/settings/src/Handlers/DatabaseHandler.php(173): CodeIgniter\Database\BaseBuilder->get()
#5 /home/shin/web-app/CI-Market/vendor/codeigniter4/settings/src/Handlers/DatabaseHandler.php(51): CodeIgniter\Settings\Handlers\DatabaseHandler->hydrate()
#6 /home/shin/web-app/CI-Market/vendor/codeigniter4/settings/src/Settings.php(59): CodeIgniter\Settings\Handlers\DatabaseHandler->has()
#7 /home/shin/web-app/CI-Market/vendor/codeigniter4/settings/src/Helpers/setting_helper.php(24): CodeIgniter\Settings\Settings->get()
#8 /home/shin/web-app/CI-Market/vendor/codeigniter4/shield/src/Authentication/Authenticators/Session.php(689): setting()
#9 /home/shin/web-app/CI-Market/vendor/codeigniter4/shield/src/Authentication/Authenticators/Session.php(707): CodeIgniter\Shield\Authentication\Authenticators\Session->getSessionUserInfo()
#10 /home/shin/web-app/CI-Market/vendor/codeigniter4/shield/src/Authentication/Authenticators/Session.php(394): CodeIgniter\Shield\Authentication\Authenticators\Session->getSessionKey()
#11 /home/shin/web-app/CI-Market/vendor/codeigniter4/shield/src/Authentication/Authenticators/Session.php(378): CodeIgniter\Shield\Authentication\Authenticators\Session->checkUserState()
#12 /home/shin/web-app/CI-Market/vendor/codeigniter4/shield/src/Auth.php(164): CodeIgniter\Shield\Authentication\Authenticators\Session->loggedIn()
#13 /home/shin/web-app/CI-Market/vendor/codeigniter4/shield/src/Collectors/Auth.php(67): CodeIgniter\Shield\Auth->__call()
#14 /home/shin/web-app/CI-Market/vendor/codeigniter4/framework/system/Debug/Toolbar/Collectors/BaseCollector.php(222): CodeIgniter\Shield\Collectors\Auth->display()
#15 /home/shin/web-app/CI-Market/vendor/codeigniter4/framework/system/Debug/Toolbar.php(93): CodeIgniter\Debug\Toolbar\Collectors\BaseCollector->getAsArray()
#16 /home/shin/web-app/CI-Market/vendor/codeigniter4/framework/system/Debug/Toolbar.php(370): CodeIgniter\Debug\Toolbar->run()
#17 /home/shin/web-app/CI-Market/vendor/codeigniter4/framework/system/Filters/DebugToolbar.php(40): CodeIgniter\Debug\Toolbar->prepare()
#18 /home/shin/web-app/CI-Market/vendor/codeigniter4/framework/system/Filters/Filters.php(196): CodeIgniter\Filters\DebugToolbar->after()
#19 /home/shin/web-app/CI-Market/vendor/codeigniter4/framework/system/CodeIgniter.php(519): CodeIgniter\Filters\Filters->run()
#20 /home/shin/web-app/CI-Market/vendor/codeigniter4/framework/system/CodeIgniter.php(368): CodeIgniter\CodeIgniter->handleRequest()
#21 /home/shin/web-app/CI-Market/public/index.php(67): CodeIgniter\CodeIgniter->run()
#22 /home/shin/web-app/CI-Market/vendor/codeigniter4/framework/system/Commands/Server/rewrite.php(47): require_once('...')
#23 {main}

Next CodeIgniter\Database\Exceptions\DatabaseException: No such file or directory in /home/shin/web-app/CI-Market/vendor/codeigniter4/framework/system/Database/MySQLi/Connection.php:218
Stack trace:
#0 /home/shin/web-app/CI-Market/vendor/codeigniter4/framework/system/Database/BaseConnection.php(391): CodeIgniter\Database\MySQLi\Connection->connect()
#1 /home/shin/web-app/CI-Market/vendor/codeigniter4/framework/system/Database/BaseConnection.php(574): CodeIgniter\Database\BaseConnection->initialize()
#2 /home/shin/web-app/CI-Market/vendor/codeigniter4/framework/system/Database/BaseBuilder.php(1616): CodeIgniter\Database\BaseConnection->query()
#3 /home/shin/web-app/CI-Market/vendor/codeigniter4/settings/src/Handlers/DatabaseHandler.php(173): CodeIgniter\Database\BaseBuilder->get()
#4 /home/shin/web-app/CI-Market/vendor/codeigniter4/settings/src/Handlers/DatabaseHandler.php(51): CodeIgniter\Settings\Handlers\DatabaseHandler->hydrate()
#5 /home/shin/web-app/CI-Market/vendor/codeigniter4/settings/src/Settings.php(59): CodeIgniter\Settings\Handlers\DatabaseHandler->has()
#6 /home/shin/web-app/CI-Market/vendor/codeigniter4/settings/src/Helpers/setting_helper.php(24): CodeIgniter\Settings\Settings->get()
#7 /home/shin/web-app/CI-Market/vendor/codeigniter4/shield/src/Authentication/Authenticators/Session.php(689): setting()
#8 /home/shin/web-app/CI-Market/vendor/codeigniter4/shield/src/Authentication/Authenticators/Session.php(707): CodeIgniter\Shield\Authentication\Authenticators\Session->getSessionUserInfo()
#9 /home/shin/web-app/CI-Market/vendor/codeigniter4/shield/src/Authentication/Authenticators/Session.php(394): CodeIgniter\Shield\Authentication\Authenticators\Session->getSessionKey()
#10 /home/shin/web-app/CI-Market/vendor/codeigniter4/shield/src/Authentication/Authenticators/Session.php(378): CodeIgniter\Shield\Authentication\Authenticators\Session->checkUserState()
#11 /home/shin/web-app/CI-Market/vendor/codeigniter4/shield/src/Auth.php(164): CodeIgniter\Shield\Authentication\Authenticators\Session->loggedIn()
#12 /home/shin/web-app/CI-Market/vendor/codeigniter4/shield/src/Collectors/Auth.php(67): CodeIgniter\Shield\Auth->__call()
#13 /home/shin/web-app/CI-Market/vendor/codeigniter4/framework/system/Debug/Toolbar/Collectors/BaseCollector.php(222): CodeIgniter\Shield\Collectors\Auth->display()
#14 /home/shin/web-app/CI-Market/vendor/codeigniter4/framework/system/Debug/Toolbar.php(93): CodeIgniter\Debug\Toolbar\Collectors\BaseCollector->getAsArray()
#15 /home/shin/web-app/CI-Market/vendor/codeigniter4/framework/system/Debug/Toolbar.php(370): CodeIgniter\Debug\Toolbar->run()
#16 /home/shin/web-app/CI-Market/vendor/codeigniter4/framework/system/Filters/DebugToolbar.php(40): CodeIgniter\Debug\Toolbar->prepare()
#17 /home/shin/web-app/CI-Market/vendor/codeigniter4/framework/system/Filters/Filters.php(196): CodeIgniter\Filters\DebugToolbar->after()
#18 /home/shin/web-app/CI-Market/vendor/codeigniter4/framework/system/CodeIgniter.php(519): CodeIgniter\Filters\Filters->run()
#19 /home/shin/web-app/CI-Market/vendor/codeigniter4/framework/system/CodeIgniter.php(368): CodeIgniter\CodeIgniter->handleRequest()
#20 /home/shin/web-app/CI-Market/public/index.php(67): CodeIgniter\CodeIgniter->run()
#21 /home/shin/web-app/CI-Market/vendor/codeigniter4/framework/system/Commands/Server/rewrite.php(47): require_once('...')
#22 {main}
CRITICAL - 2023-05-24 23:48:19 --> Unable to connect to the database.
Main connection [MySQLi]: No such file or directory
in SYSTEMPATH/Database/BaseConnection.php on line 427.
 1 SYSTEMPATH/Database/BaseConnection.php(574): CodeIgniter\Database\BaseConnection->initialize()
 2 SYSTEMPATH/Database/BaseBuilder.php(1616): CodeIgniter\Database\BaseConnection->query()
 3 VENDORPATH/codeigniter4/settings/src/Handlers/DatabaseHandler.php(173): CodeIgniter\Database\BaseBuilder->get()
 4 VENDORPATH/codeigniter4/settings/src/Handlers/DatabaseHandler.php(51): CodeIgniter\Settings\Handlers\DatabaseHandler->hydrate()
 5 VENDORPATH/codeigniter4/settings/src/Settings.php(59): CodeIgniter\Settings\Handlers\DatabaseHandler->has()
 6 VENDORPATH/codeigniter4/settings/src/Helpers/setting_helper.php(24): CodeIgniter\Settings\Settings->get()
 7 VENDORPATH/codeigniter4/shield/src/Authentication/Authenticators/Session.php(689): setting()
 8 VENDORPATH/codeigniter4/shield/src/Authentication/Authenticators/Session.php(707): CodeIgniter\Shield\Authentication\Authenticators\Session->getSessionUserInfo()
 9 VENDORPATH/codeigniter4/shield/src/Authentication/Authenticators/Session.php(394): CodeIgniter\Shield\Authentication\Authenticators\Session->getSessionKey()
10 VENDORPATH/codeigniter4/shield/src/Authentication/Authenticators/Session.php(378): CodeIgniter\Shield\Authentication\Authenticators\Session->checkUserState()
11 VENDORPATH/codeigniter4/shield/src/Auth.php(164): CodeIgniter\Shield\Authentication\Authenticators\Session->loggedIn()
12 VENDORPATH/codeigniter4/shield/src/Collectors/Auth.php(67): CodeIgniter\Shield\Auth->__call()
13 SYSTEMPATH/Debug/Toolbar/Collectors/BaseCollector.php(222): CodeIgniter\Shield\Collectors\Auth->display()
14 SYSTEMPATH/Debug/Toolbar.php(93): CodeIgniter\Debug\Toolbar\Collectors\BaseCollector->getAsArray()
15 SYSTEMPATH/Debug/Toolbar.php(370): CodeIgniter\Debug\Toolbar->run()
16 SYSTEMPATH/Filters/DebugToolbar.php(40): CodeIgniter\Debug\Toolbar->prepare()
17 SYSTEMPATH/Filters/Filters.php(196): CodeIgniter\Filters\DebugToolbar->after()
18 SYSTEMPATH/CodeIgniter.php(519): CodeIgniter\Filters\Filters->run()
19 SYSTEMPATH/CodeIgniter.php(368): CodeIgniter\CodeIgniter->handleRequest()
20 FCPATH/index.php(67): CodeIgniter\CodeIgniter->run()
21 SYSTEMPATH/Commands/Server/rewrite.php(47): require_once('/home/shin/web-app/CI-Market/public/index.php')
